Log file open, 11/02/18 09:22:29
LogWindows: Failed to load 'aqProf.dll' (GetLastError=126)
LogWindows: File 'aqProf.dll' does not exist
LogWindows: Failed to load 'VtuneApi.dll' (GetLastError=126)
LogWindows: File 'VtuneApi.dll' does not exist
LogWindows: Failed to load 'VtuneApi32e.dll' (GetLastError=126)
LogWindows: File 'VtuneApi32e.dll' does not exist
LogInit: Display: Running engine for game: BP_Cplusplus
LogPlatformFile: Not using cached read wrapper
LogTaskGraph: Started task graph with 5 named threads and 35 total threads with 3 sets of task threads.
LogStats: Stats thread started at 4.319381
LogD3D11RHI: Loaded GFSDK_Aftermath_Lib.x64.dll
LogICUInternationalization: Display: ICU TimeZone Detection - Raw Offset: -6:00, Platform Override: ''
LogPluginManager: Mounting plugin Paper2D
LogPluginManager: Mounting plugin AISupport
LogPluginManager: Mounting plugin LightPropagationVolume
LogPluginManager: Mounting plugin CLionSourceCodeAccess
LogPluginManager: Mounting plugin CodeLiteSourceCodeAccess
LogPluginManager: Mounting plugin GitSourceControl
LogPluginManager: Mounting plugin KDevelopSourceCodeAccess
LogPluginManager: Mounting plugin NullSourceCodeAccess
LogPluginManager: Mounting plugin PerforceSourceControl
LogPluginManager: Mounting plugin SubversionSourceControl
LogPluginManager: Mounting plugin UObjectPlugin
LogPluginManager: Mounting plugin VisualStudioCodeSourceCodeAccess
LogPluginManager: Mounting plugin VisualStudioSourceCodeAccess
LogPluginManager: Mounting plugin XCodeSourceCodeAccess
LogPluginManager: Mounting plugin AssetManagerEditor
LogPluginManager: Mounting plugin CryptoKeys
LogPluginManager: Mounting plugin DataValidation
LogPluginManager: Mounting plugin FacialAnimation
LogPluginManager: Mounting plugin GameplayTagsEditor
LogPluginManager: Mounting plugin MacGraphicsSwitching
LogPluginManager: Mounting plugin MeshEditor
LogPluginManager: Mounting plugin MobileLauncherProfileWizard
LogPluginManager: Mounting plugin PluginBrowser
LogPluginManager: Mounting plugin SpeedTreeImporter
LogPluginManager: Mounting plugin DatasmithContent
LogPluginManager: Mounting plugin AlembicImporter
LogPluginManager: Mounting plugin AppleImageUtils
LogPluginManager: Mounting plugin AppleVision
LogPluginManager: Mounting plugin BackChannel
LogPluginManager: Mounting plugin CharacterAI
LogPluginManager: Mounting plugin GeometryCache
LogPluginManager: Mounting plugin HTML5Networking
LogPluginManager: Mounting plugin ProxyLODPlugin
LogPluginManager: Mounting plugin MagicLeap
LogPluginManager: Mounting plugin MagicLeapEmulator
LogPluginManager: Mounting plugin MagicLeapMedia
LogPluginManager: Mounting plugin AndroidMedia
LogPluginManager: Mounting plugin AvfMedia
LogPluginManager: Mounting plugin ImgMedia
LogPluginManager: Mounting plugin LinearTimecode
LogPluginManager: Mounting plugin MediaCompositing
LogPluginManager: Mounting plugin MediaPlayerEditor
LogPluginManager: Mounting plugin WmfMedia
LogPluginManager: Mounting plugin TcpMessaging
LogPluginManager: Mounting plugin UdpMessaging
LogPluginManager: Mounting plugin ActorSequence
LogPluginManager: Mounting plugin LevelSequenceEditor
LogPluginManager: Mounting plugin MatineeToLevelSequence
LogPluginManager: Mounting plugin NetcodeUnitTest
LogPluginManager: Mounting plugin NUTUnrealEngine4
LogPluginManager: Mounting plugin OnlineSubsystemGooglePlay
LogPluginManager: Mounting plugin OnlineSubsystemIOS
LogPluginManager: Mounting plugin OnlineSubsystem
LogPluginManager: Mounting plugin OnlineSubsystemNull
LogPluginManager: Mounting plugin OnlineSubsystemUtils
LogPluginManager: Mounting plugin LauncherChunkInstaller
LogPluginManager: Mounting plugin AndroidDeviceProfileSelector
LogPluginManager: Mounting plugin AndroidMoviePlayer
LogPluginManager: Mounting plugin AndroidPermission
LogPluginManager: Mounting plugin AppleMoviePlayer
LogPluginManager: Mounting plugin ArchVisCharacter
LogPluginManager: Mounting plugin AudioCapture
LogPluginManager: Mounting plugin CableComponent
LogPluginManager: Mounting plugin CustomMeshComponent
LogPluginManager: Mounting plugin EditableMesh
LogPluginManager: Mounting plugin ExampleDeviceProfileSelector
LogPluginManager: Mounting plugin GoogleCloudMessaging
LogPluginManager: Mounting plugin ImmediatePhysics
LogPluginManager: Mounting plugin IOSDeviceProfileSelector
LogPluginManager: Mounting plugin LinuxDeviceProfileSelector
LogPluginManager: Mounting plugin LocationServicesBPLibrary
LogPluginManager: Mounting plugin MobilePatchingUtils
LogPluginManager: Mounting plugin OculusVR
LogPluginManager: Plugin shader directory ../../../Engine/Plugins/Runtime/Oculus/OculusVR/Shaders found
LogPluginManager: Mapping shader source directory ../../../Engine/Plugins/Runtime/Oculus/OculusVR/Shaders to virtual directory /Plugin/OculusVR
LogPluginManager: Mounting plugin PhysXVehicles
LogPluginManager: Mounting plugin ProceduralMeshComponent
LogPluginManager: Mounting plugin RuntimePhysXCooking
LogPluginManager: Mounting plugin SteamVR
LogPluginManager: Mounting plugin WindowsMoviePlayer
LogStreaming: Display: Took  0.216s to configure plugins.
LogInit: Using libcurl 7.55.1-DEV
LogInit:  - built for x86_64-pc-win32
LogInit:  - supports SSL with OpenSSL/1.0.2h
LogInit:  - supports HTTP deflate (compression) using libz 1.2.8
LogInit:  - other features:
LogInit:      CURL_VERSION_SSL
LogInit:      CURL_VERSION_LIBZ
LogInit:      CURL_VERSION_IPV6
LogInit:      CURL_VERSION_ASYNCHDNS
LogInit:      CURL_VERSION_LARGEFILE
LogInit:      CURL_VERSION_IDN
LogInit:  CurlRequestOptions (configurable via config and command line):
LogInit:  - bVerifyPeer = false  - Libcurl will NOT verify peer certificate
LogInit:  - bUseHttpProxy = false  - Libcurl will NOT use HTTP proxy
LogInit:  - bDontReuseConnections = false  - Libcurl will reuse connections
LogInit:  - CertBundlePath = nullptr  - Libcurl will use whatever was configured at build time.
LogInit:  - MaxHostConnections = 16  - Libcurl will limit the number of connections to a host
LogInit:  - LocalHostAddr = Default
LogInit:  - BufferSize = 65536
LogInit: WinSock: version 1.1 (2.2), MaxSocks=32767, MaxUdp=65467
LogInit: Build: ++UE4+Release-4.20-CL-4369336
LogInit: Engine Version: 4.20.3-4369336+++UE4+Release-4.20
LogInit: Compatible Engine Version: 4.20.0-4212847+++UE4+Release-4.20
LogInit: Net CL: 4212847
LogInit: OS: Windows 10 (), CPU: Intel(R) Core(TM) i7-5820K CPU @ 3.30GHz, GPU: NVIDIA GeForce GTX 980 Ti
LogInit: Compiled (64-bit): Sep 17 2018 12:26:19
LogInit: Compiled with Visual C++: 19.13.26129.00
LogInit: Build Configuration: Development
LogInit: Branch Name: ++UE4+Release-4.20
LogInit: Command Line:  
LogInit: Base Directory: E:/Program/Unreal/UE_4.20/Engine/Binaries/Win64/
LogInit: Installed Engine Build: 1
LogDevObjectVersion: Number of dev versions registered: 20
LogDevObjectVersion:   Dev-Blueprints (B0D832E4-1F89-4F0D-ACCF-7EB736FD4AA2): 10
LogDevObjectVersion:   Dev-Build (E1C64328-A22C-4D53-A36C-8E866417BD8C): 0
LogDevObjectVersion:   Dev-Core (375EC13C-06E4-48FB-B500-84F0262A717E): 2
LogDevObjectVersion:   Dev-Editor (E4B068ED-F494-42E9-A231-DA0B2E46BB41): 24
LogDevObjectVersion:   Dev-Framework (CFFC743F-43B0-4480-9391-14DF171D2073): 34
LogDevObjectVersion:   Dev-Mobile (B02B49B5-BB20-44E9-A304-32B752E40360): 2
LogDevObjectVersion:   Dev-Networking (A4E4105C-59A1-49B5-A7C5-40C4547EDFEE): 0
LogDevObjectVersion:   Dev-Online (39C831C9-5AE6-47DC-9A44-9C173E1C8E7C): 0
LogDevObjectVersion:   Dev-Physics (78F01B33-EBEA-4F98-B9B4-84EACCB95AA2): 0
LogDevObjectVersion:   Dev-Platform (6631380F-2D4D-43E0-8009-CF276956A95A): 0
LogDevObjectVersion:   Dev-Rendering (12F88B9F-8875-4AFC-A67C-D90C383ABD29): 26
LogDevObjectVersion:   Dev-Sequencer (7B5AE74C-D270-4C10-A958-57980B212A5A): 9
LogDevObjectVersion:   Dev-VR (D7296918-1DD6-4BDD-9DE2-64A83CC13884): 2
LogDevObjectVersion:   Dev-LoadTimes (C2A15278-BFE7-4AFE-6C17-90FF531DF755): 1
LogDevObjectVersion:   Private-Geometry (6EACA3D4-40EC-4CC1-B786-8BED09428FC5): 3
LogDevObjectVersion:   Dev-AnimPhys (29E575DD-E0A3-4627-9D10-D276232CDCEA): 17
LogDevObjectVersion:   Dev-ReflectionCapture (6B266CEC-1EC7-4B8F-A30B-E4D90942FC07): 1
LogDevObjectVersion:   Dev-Automation (0DF73D61-A23F-47EA-B727-89E90C41499A): 1
LogDevObjectVersion:   FortniteMain (601D1886-AC64-4F84-AA16-D3DE0DEAC7D6): 12
LogDevObjectVersion:   Dev-Enterprise (9DFFBCD6-494F-0158-E221-12823C92A888): 1
LogStreaming: Display: Took  0.007s to delete old logs.
LogInit: Presizing for max 8388607 objects, including 0 objects not considered by GC, pre-allocating 0 bytes for permanent pool.
LogInit: Object subsystem initialized
[2018.11.02-14.22.32:390][  0]LogInit: Selected Device Profile: [Windows]
[2018.11.02-14.22.32:390][  0]LogInit: Applying CVar settings loaded from the selected device profile: [Windows]
[2018.11.02-14.22.32:439][  0]LogHAL: Display: Platform has ~ 32 GB [34256556032 / 34359738368 / 32], which maps to Largest [LargestMinGB=32, LargerMinGB=12, DefaultMinGB=8, SmallerMinGB=6, SmallestMinGB=0)
[2018.11.02-14.22.32:439][  0]LogInit: Setting Device Profile CVar: [[r.Vulkan.UseRealUBs:1]]
[2018.11.02-14.22.32:439][  0]LogInit: Going up to parent DeviceProfile []
[2018.11.02-14.22.32:451][  0]LogInit: Computer: G-GOD
[2018.11.02-14.22.32:451][  0]LogInit: User: P
[2018.11.02-14.22.32:451][  0]LogInit: CPU Page size=4096, Cores=6
[2018.11.02-14.22.32:451][  0]LogInit: High frequency timer resolution =10.000000 MHz
[2018.11.02-14.22.32:451][  0]LogMemory: Memory total: Physical=31.9GB (32GB approx)
[2018.11.02-14.22.32:451][  0]LogMemory: Platform Memory Stats for Windows
[2018.11.02-14.22.32:451][  0]LogMemory: Process Physical Memory: 102.21 MB used, 102.21 MB peak
[2018.11.02-14.22.32:451][  0]LogMemory: Process Virtual Memory: 94.12 MB used, 94.12 MB peak
[2018.11.02-14.22.32:451][  0]LogMemory: Physical Memory: 7153.42 MB used,  25516.18 MB free, 32669.60 MB total
[2018.11.02-14.22.32:451][  0]LogMemory: Virtual Memory: 4665.45 MB used,  25516.18 MB free, 134217728.00 MB total
[2018.11.02-14.22.33:121][  0]LogInit: Using OS detected language (en-US).
[2018.11.02-14.22.33:121][  0]LogInit: Using OS detected locale (en-US).
[2018.11.02-14.22.33:165][  0]LogTextLocalizationManager: No specific localization for 'en-US' exists, so the 'en' localization will be used.
[2018.11.02-14.22.34:248][  0]LogStreaming: Display: Took  1.127s to InitEngineTextLocalization.
[2018.11.02-14.22.34:248][  0]LogInit: Setting process to per monitor DPI aware
[2018.11.02-14.22.34:727][  0]LogSlate: New Slate User Created.  User Index 0, Is Virtual User: 0
[2018.11.02-14.22.34:727][  0]LogSlate: Slate User Registered.  User Index 0, Is Virtual User: 0
[2018.11.02-14.22.38:410][  0]LogHMD: Failed to initialize OpenVR with code 110
[2018.11.02-14.22.38:410][  0]LogD3D11RHI: D3D11 adapters:
[2018.11.02-14.22.38:486][  0]LogD3D11RHI:    0. 'NVIDIA GeForce GTX 980 Ti' (Feature Level 11_0)
[2018.11.02-14.22.38:486][  0]LogD3D11RHI:       6097/0/16334 MB DedicatedVideo/DedicatedSystem/SharedSystem, Outputs:2, VendorId:0x10de
[2018.11.02-14.22.38:490][  0]LogD3D11RHI:    1. 'Microsoft Basic Render Driver' (Feature Level 11_0)
[2018.11.02-14.22.38:490][  0]LogD3D11RHI:       0/0/16334 MB DedicatedVideo/DedicatedSystem/SharedSystem, Outputs:0, VendorId:0x1414
[2018.11.02-14.22.38:490][  0]LogD3D11RHI: Chosen D3D11 Adapter: 0
[2018.11.02-14.22.38:500][  0]LogD3D11RHI: Creating new Direct3DDevice
[2018.11.02-14.22.38:501][  0]LogD3D11RHI:     GPU DeviceId: 0x17c8 (for the marketing name, search the web for "GPU Device Id")
[2018.11.02-14.22.38:501][  0]LogWindows: EnumDisplayDevices:
[2018.11.02-14.22.38:501][  0]LogWindows:    0. 'NVIDIA GeForce GTX 980 Ti' (P:1 D:1)
[2018.11.02-14.22.38:501][  0]LogWindows:    1. 'NVIDIA GeForce GTX 980 Ti' (P:0 D:1)
[2018.11.02-14.22.38:502][  0]LogWindows:    2. 'NVIDIA GeForce GTX 980 Ti' (P:0 D:0)
[2018.11.02-14.22.38:502][  0]LogWindows:    3. 'NVIDIA GeForce GTX 980 Ti' (P:0 D:0)
[2018.11.02-14.22.38:502][  0]LogWindows: DebugString: FoundDriverCount:4 
[2018.11.02-14.22.38:502][  0]LogD3D11RHI:     Adapter Name: NVIDIA GeForce GTX 980 Ti
[2018.11.02-14.22.38:502][  0]LogD3D11RHI:   Driver Version: 411.70 (internal:24.21.14.1170, unified:411.70)
[2018.11.02-14.22.38:502][  0]LogD3D11RHI:      Driver Date: 9-25-2018
[2018.11.02-14.22.38:502][  0]LogRHI: Texture pool is 4268 MB (70% of 6097 MB)
[2018.11.02-14.22.38:551][  0]LogD3D11RHI: Async texture creation enabled
[2018.11.02-14.22.38:591][  0]LogD3D11RHI: GPU Timing Frequency: 1000.000000 (Debug: 2 2)
[2018.11.02-14.22.38:643][  0]LogShaderCompilers: Guid format shader working directory is 0 characters bigger than the processId version (D:/2dProject/Final_Prototype/BP_Cplusplus/Intermediate/Shaders/WorkingDirectory/18908/).
[2018.11.02-14.22.38:643][  0]LogShaderCompilers: Cleaned the shader compiler working directory 'C:/Users/P/AppData/Local/Temp/UnrealShaderWorkingDir/EA1AED284961F0E429F03A832FEA51CB/'.
[2018.11.02-14.22.39:388][  0]LogTemp: Display: Loaded TP AllDesktopTargetPlatform
[2018.11.02-14.22.39:431][  0]LogTemp: Display: Loaded TP MacClientTargetPlatform
[2018.11.02-14.22.39:473][  0]LogTemp: Display: Loaded TP MacNoEditorTargetPlatform
[2018.11.02-14.22.39:517][  0]LogTemp: Display: Loaded TP MacServerTargetPlatform
[2018.11.02-14.22.39:579][  0]LogTemp: Display: Loaded TP MacTargetPlatform
[2018.11.02-14.22.39:620][  0]LogTemp: Display: Loaded TP WindowsClientTargetPlatform
[2018.11.02-14.22.39:660][  0]LogTemp: Display: Loaded TP WindowsNoEditorTargetPlatform
[2018.11.02-14.22.39:686][  0]LogTemp: Display: Loaded TP WindowsServerTargetPlatform
[2018.11.02-14.22.39:726][  0]LogTemp: Display: Loaded TP WindowsTargetPlatform
[2018.11.02-14.22.39:847][  0]LogTemp: Display: Loaded TP AndroidTargetPlatform
[2018.11.02-14.22.39:848][  0]LogTemp: Display: Loaded TP AndroidTargetPlatform
[2018.11.02-14.22.39:848][  0]LogTemp: Display: Loaded TP AndroidTargetPlatform
[2018.11.02-14.22.39:848][  0]LogTemp: Display: Loaded TP AndroidTargetPlatform
[2018.11.02-14.22.39:848][  0]LogTemp: Display: Loaded TP AndroidTargetPlatform
[2018.11.02-14.22.39:848][  0]LogTemp: Display: Loaded TP AndroidTargetPlatform
[2018.11.02-14.22.39:848][  0]LogTemp: Display: Loaded TP AndroidTargetPlatform
[2018.11.02-14.22.39:848][  0]LogTemp: Display: Loaded TP AndroidTargetPlatform
[2018.11.02-14.22.39:848][  0]LogTemp: Display: Loaded TP AndroidTargetPlatform
[2018.11.02-14.22.39:848][  0]LogTemp: Display: Loaded TP AndroidTargetPlatform
[2018.11.02-14.22.39:848][  0]LogTemp: Display: Loaded TP AndroidTargetPlatform
[2018.11.02-14.22.39:848][  0]LogTemp: Display: Loaded TP AndroidTargetPlatform
[2018.11.02-14.22.39:848][  0]LogTemp: Display: Loaded TP AndroidTargetPlatform
[2018.11.02-14.22.39:848][  0]LogTemp: Display: Loaded TP AndroidTargetPlatform
[2018.11.02-14.22.39:848][  0]LogTemp: Display: Loaded TP AndroidTargetPlatform
[2018.11.02-14.22.39:848][  0]LogTemp: Display: Loaded TP AndroidTargetPlatform
[2018.11.02-14.22.39:848][  0]LogTemp: Display: Loaded TP AndroidTargetPlatform
[2018.11.02-14.22.39:848][  0]LogTemp: Display: Loaded TP AndroidTargetPlatform
[2018.11.02-14.22.39:869][  0]LogTemp: Display: Loaded TP HTML5TargetPlatform
[2018.11.02-14.22.40:037][  0]LogTemp: Display: Loaded TP IOSTargetPlatform
[2018.11.02-14.22.40:037][  0]LogTemp: Display: Loaded TP IOSTargetPlatform
[2018.11.02-14.22.40:080][  0]LogTemp: Display: Loaded TP TVOSTargetPlatform
[2018.11.02-14.22.40:080][  0]LogTemp: Display: Loaded TP TVOSTargetPlatform
[2018.11.02-14.22.40:110][  0]LogTemp: Display: Loaded TP LinuxClientTargetPlatform
[2018.11.02-14.22.40:153][  0]LogTemp: Display: Loaded TP LinuxNoEditorTargetPlatform
[2018.11.02-14.22.40:176][  0]LogTemp: Display: Loaded TP LinuxServerTargetPlatform
[2018.11.02-14.22.40:219][  0]LogTemp: Display: Loaded TP LinuxTargetPlatform
[2018.11.02-14.22.40:248][  0]LogTemp: Display: Loaded TP LuminTargetPlatform
[2018.11.02-14.22.40:248][  0]LogTargetPlatformManager: Display: Building Assets For Windows
[2018.11.02-14.22.40:989][  0]LogXGEController: Cleaning working directory: C:/Users/P/AppData/Local/Temp/UnrealXGEWorkingDir/
[2018.11.02-14.22.40:989][  0]LogXGEController: Cannot use XGE Controller as Incredibuild is not installed on this machine.
[2018.11.02-14.22.40:989][  0]LogShaderCompilers: Cannot use XGE Shader Compiler as Incredibuild is not installed on this machine.
[2018.11.02-14.22.40:989][  0]LogShaderCompilers: Display: Using Local Shader Compiler.
[2018.11.02-14.22.43:633][  0]LogDerivedDataCache: Display: Max Cache Size: 512 MB
[2018.11.02-14.22.43:973][  0]LogDerivedDataCache: Loaded boot cache 0.34s 71MB C:/Users/P/AppData/Local/UnrealEngine/4.20/DerivedDataCache/Boot.ddc.
[2018.11.02-14.22.43:974][  0]LogDerivedDataCache: Display: Loaded Boot cache: C:/Users/P/AppData/Local/UnrealEngine/4.20/DerivedDataCache/Boot.ddc
[2018.11.02-14.22.43:974][  0]LogDerivedDataCache: FDerivedDataBackendGraph:  Pak pak cache file D:/2dProject/Final_Prototype/BP_Cplusplus/DerivedDataCache/DDC.ddp not found, will not use a pak cache.
[2018.11.02-14.22.43:974][  0]LogDerivedDataCache: Unable to find inner node Pak for hierarchical cache Hierarchy.
[2018.11.02-14.22.43:974][  0]LogDerivedDataCache: FDerivedDataBackendGraph:  CompressedPak pak cache file D:/2dProject/Final_Prototype/BP_Cplusplus/DerivedDataCache/Compressed.ddp not found, will not use a pak cache.
[2018.11.02-14.22.43:974][  0]LogDerivedDataCache: Unable to find inner node CompressedPak for hierarchical cache Hierarchy.
[2018.11.02-14.22.44:045][  0]LogDerivedDataCache: Display: Pak cache opened for reading ../../../Engine/DerivedDataCache/Compressed.ddp.
[2018.11.02-14.22.44:057][  0]LogDerivedDataCache: Using Local data cache path C:/Users/P/AppData/Local/UnrealEngine/Common/DerivedDataCache: Writable
[2018.11.02-14.22.44:057][  0]LogDerivedDataCache: Shared data cache path not found in *engine.ini, will not use an Shared cache.
[2018.11.02-14.22.44:057][  0]LogDerivedDataCache: Unable to find inner node Shared for hierarchical cache Hierarchy.
[2018.11.02-14.22.44:077][  0]LogMaterial: Verifying Global Shaders for PCD3D_SM5
[2018.11.02-14.22.44:078][  0]LogSlate: Using FreeType 2.6.0
[2018.11.02-14.22.44:158][  0]LogSlate: SlateFontServices - WITH_FREETYPE: 1, WITH_HARFBUZZ: 1
[2018.11.02-14.22.45:160][  0]LogAssetRegistry: FAssetRegistry took 0.0266 seconds to start up
[2018.11.02-14.22.45:521][  0]LogInit: Selected Device Profile: [Windows]
[2018.11.02-14.22.48:357][  0]LogSimplygon: Simplygon DLL not present - disabling.
[2018.11.02-14.22.48:902][  0]LogMeshReduction: Using SimplygonSwarm for distributed automatic mesh merging
[2018.11.02-14.22.48:902][  0]LogMeshReduction: Using ProxyLODMeshReduction for automatic mesh merging
[2018.11.02-14.22.48:902][  0]LogMeshReduction: Using QuadricMeshReduction for automatic static mesh reduction
[2018.11.02-14.22.48:902][  0]LogMeshReduction: No automatic skeletal mesh reduction module available
[2018.11.02-14.22.49:263][  0]LogNetVersion: BP_Cplusplus 1.0.0, NetCL: 4212847, EngineNetVer: 5, GameNetVer: 0 (Checksum: 68179885)
[2018.11.02-14.22.52:566][  0]LogPackageLocalizationCache: Processed 11 localized package path(s) for 2 prioritized culture(s) in 0.224158 seconds
[2018.11.02-14.22.52:573][  0]LogUObjectArray: 38426 objects as part of root set at end of initial load.
[2018.11.02-14.22.52:573][  0]LogUObjectAllocator: 6691088 out of 0 bytes used by permanent object pool.
[2018.11.02-14.22.52:573][  0]LogUObjectArray: CloseDisregardForGC: 0/0 objects in disregard for GC pool
[2018.11.02-14.23.27:772][  0]LogTcpMessaging: Initializing TcpMessaging bridge
[2018.11.02-14.23.27:822][  0]LogUdpMessaging: Initializing bridge on interface 0.0.0.0:0 to multicast group 230.0.0.1:6666.
[2018.11.02-14.23.28:859][  0]SourceControl: Source control is disabled
[2018.11.02-14.23.28:860][  0]LogWindows: Warning: CreateProc failed: The system cannot find the file specified. (0x00000002)
[2018.11.02-14.23.28:860][  0]LogWindows: Warning: URL: C:/Program Files/Git/bin/git.exe version
[2018.11.02-14.23.28:860][  0]LogWindows: Warning: CreateProc failed: The system cannot find the file specified. (0x00000002)
[2018.11.02-14.23.28:860][  0]LogWindows: Warning: URL: C:/Program Files (x86)/Git/bin/git.exe version
[2018.11.02-14.23.28:861][  0]LogWindows: Warning: CreateProc failed: The system cannot find the file specified. (0x00000002)
[2018.11.02-14.23.28:861][  0]LogWindows: Warning: URL: C:\Users\P\AppData\Local/Programs/Git/cmd/git.exe version
[2018.11.02-14.23.28:861][  0]LogWindows: Warning: CreateProc failed: The system cannot find the file specified. (0x00000002)
[2018.11.02-14.23.28:861][  0]LogWindows: Warning: URL: C:/Program Files (x86)/SmartGit/git/bin/git.exe version
[2018.11.02-14.23.28:861][  0]LogWindows: Warning: CreateProc failed: The system cannot find the file specified. (0x00000002)
[2018.11.02-14.23.28:861][  0]LogWindows: Warning: URL: C:/Program Files (x86)/SmartGit/bin/git.exe version
[2018.11.02-14.23.28:861][  0]LogWindows: Warning: CreateProc failed: The system cannot find the file specified. (0x00000002)
[2018.11.02-14.23.28:861][  0]LogWindows: Warning: URL: C:\Users\P\AppData\Local/Atlassian/SourceTree/git_local/bin/git.exe version
[2018.11.02-14.23.28:862][  0]LogWindows: Warning: CreateProc failed: The system cannot find the file specified. (0x00000002)
[2018.11.02-14.23.28:862][  0]LogWindows: Warning: URL: C:/Program Files (x86)/fournova/Tower/vendor/Git/bin/git.exe version
[2018.11.02-14.23.28:956][  0]LogWindows: Warning: CreateProc failed: The system cannot find the file specified. (0x00000002)
[2018.11.02-14.23.28:956][  0]LogWindows: Warning: URL: C:/Program Files/Git/bin/git.exe version
[2018.11.02-14.23.28:957][  0]LogWindows: Warning: CreateProc failed: The system cannot find the file specified. (0x00000002)
[2018.11.02-14.23.28:957][  0]LogWindows: Warning: URL: C:/Program Files (x86)/Git/bin/git.exe version
[2018.11.02-14.23.28:957][  0]LogWindows: Warning: CreateProc failed: The system cannot find the file specified. (0x00000002)
[2018.11.02-14.23.28:957][  0]LogWindows: Warning: URL: C:\Users\P\AppData\Local/Programs/Git/cmd/git.exe version
[2018.11.02-14.23.28:957][  0]LogWindows: Warning: CreateProc failed: The system cannot find the file specified. (0x00000002)
[2018.11.02-14.23.28:957][  0]LogWindows: Warning: URL: C:/Program Files (x86)/SmartGit/git/bin/git.exe version
[2018.11.02-14.23.28:958][  0]LogWindows: Warning: CreateProc failed: The system cannot find the file specified. (0x00000002)
[2018.11.02-14.23.28:958][  0]LogWindows: Warning: URL: C:/Program Files (x86)/SmartGit/bin/git.exe version
[2018.11.02-14.23.28:958][  0]LogWindows: Warning: CreateProc failed: The system cannot find the file specified. (0x00000002)
[2018.11.02-14.23.28:958][  0]LogWindows: Warning: URL: C:\Users\P\AppData\Local/Atlassian/SourceTree/git_local/bin/git.exe version
[2018.11.02-14.23.28:958][  0]LogWindows: Warning: CreateProc failed: The system cannot find the file specified. (0x00000002)
[2018.11.02-14.23.28:959][  0]LogWindows: Warning: URL: C:/Program Files (x86)/fournova/Tower/vendor/Git/bin/git.exe version
[2018.11.02-14.23.29:072][  0]LogWindows: Warning: CreateProc failed: The system cannot find the file specified. (0x00000002)
[2018.11.02-14.23.29:072][  0]LogWindows: Warning: URL: C:/Program Files/Git/bin/git.exe version
[2018.11.02-14.23.29:073][  0]LogWindows: Warning: CreateProc failed: The system cannot find the file specified. (0x00000002)
[2018.11.02-14.23.29:073][  0]LogWindows: Warning: URL: C:/Program Files (x86)/Git/bin/git.exe version
[2018.11.02-14.23.29:073][  0]LogWindows: Warning: CreateProc failed: The system cannot find the file specified. (0x00000002)
[2018.11.02-14.23.29:073][  0]LogWindows: Warning: URL: C:\Users\P\AppData\Local/Programs/Git/cmd/git.exe version
[2018.11.02-14.23.29:073][  0]LogWindows: Warning: CreateProc failed: The system cannot find the file specified. (0x00000002)
[2018.11.02-14.23.29:073][  0]LogWindows: Warning: URL: C:/Program Files (x86)/SmartGit/git/bin/git.exe version
[2018.11.02-14.23.29:073][  0]LogWindows: Warning: CreateProc failed: The system cannot find the file specified. (0x00000002)
[2018.11.02-14.23.29:073][  0]LogWindows: Warning: URL: C:/Program Files (x86)/SmartGit/bin/git.exe version
[2018.11.02-14.23.29:074][  0]LogWindows: Warning: CreateProc failed: The system cannot find the file specified. (0x00000002)
[2018.11.02-14.23.29:074][  0]LogWindows: Warning: URL: C:\Users\P\AppData\Local/Atlassian/SourceTree/git_local/bin/git.exe version
[2018.11.02-14.23.29:074][  0]LogWindows: Warning: CreateProc failed: The system cannot find the file specified. (0x00000002)
[2018.11.02-14.23.29:074][  0]LogWindows: Warning: URL: C:/Program Files (x86)/fournova/Tower/vendor/Git/bin/git.exe version
[2018.11.02-14.23.31:200][  0]LogAndroidPermission: UAndroidPermissionCallbackProxy::GetInstance
[2018.11.02-14.23.31:510][  0]LogOcInput: OculusInput pre-init called
[2018.11.02-14.23.31:944][  0]LogEngine: Initializing Engine...
[2018.11.02-14.23.31:945][  0]LogHMD: Failed to initialize OpenVR with code 110
[2018.11.02-14.23.31:946][  0]LogStats: UGameplayTagsManager::ConstructGameplayTagTree: ImportINI prefixes -  0.000 s
[2018.11.02-14.23.31:946][  0]LogStats: UGameplayTagsManager::ConstructGameplayTagTree: Construct from data asset -  0.000 s
[2018.11.02-14.23.31:946][  0]LogStats: UGameplayTagsManager::ConstructGameplayTagTree: ImportINI -  0.000 s
[2018.11.02-14.23.31:946][  0]LogStats: UGameplayTagsManager::ConstructGameplayTagTree: GameplayTagTreeChangedEvent.Broadcast -  0.000 s
[2018.11.02-14.23.32:220][  0]LogInit: Initializing FReadOnlyCVARCache
[2018.11.02-14.23.32:344][  0]LogAIModule: Creating AISystem for world Untitled
[2018.11.02-14.23.32:370][  0]LogInit: XAudio2 using 'Speakers (Realtek High Definition Audio)' : 2 channels at 48 kHz using 32 bits per sample (channel mask 0x3)
[2018.11.02-14.23.32:404][  0]LogInit: FAudioDevice initialized.
[2018.11.02-14.23.32:405][  0]LogNetVersion: Set ProjectVersion to 1.0.0.0. Version Checksum will be recalculated on next use.
[2018.11.02-14.23.32:500][  0]LogDerivedDataCache: Saved boot cache 0.10s 71MB C:/Users/P/AppData/Local/UnrealEngine/4.20/DerivedDataCache/Boot.ddc.
[2018.11.02-14.23.32:504][  0]LogInit: Texture streaming: Enabled
[2018.11.02-14.23.32:698][  0]LogEngineSessionManager: EngineSessionManager initialized
[2018.11.02-14.23.32:743][  0]LogInit: Transaction tracking system initialized
[2018.11.02-14.23.32:903][  0]BlueprintLog: New page: Editor Load
[2018.11.02-14.23.33:957][  0]LocalizationService: Localization service is disabled
[2018.11.02-14.23.37:842][  0]LogCook: Display: Max memory allowance for cook 16384mb min free memory 0mb
[2018.11.02-14.23.37:842][  0]LogCook: Display: Mobile HDR setting 1
[2018.11.02-14.23.37:842][  0]LogGameplayTags: Display: UGameplayTagsManager::DoneAddingNativeTags. DelegateIsBound: 0
[2018.11.02-14.23.37:842][  0]LogStats: UGameplayTagsManager::ConstructGameplayTagTree: ImportINI prefixes -  0.000 s
[2018.11.02-14.23.37:842][  0]LogStats: UGameplayTagsManager::ConstructGameplayTagTree: Construct from data asset -  0.000 s
[2018.11.02-14.23.37:842][  0]LogStats: UGameplayTagsManager::ConstructGameplayTagTree: ImportINI -  0.000 s
[2018.11.02-14.23.37:842][  0]LogStats: UGameplayTagsManager::ConstructGameplayTagTree: GameplayTagTreeChangedEvent.Broadcast -  0.000 s
[2018.11.02-14.23.38:060][  0]LogFileCache: Scanning file cache for directory 'D:/2dProject/Final_Prototype/BP_Cplusplus/Content/' took 0.02s
[2018.11.02-14.23.40:694][  0]LogWindows: Warning: CreateProc failed: The system cannot find the file specified. (0x00000002)
[2018.11.02-14.23.40:694][  0]LogWindows: Warning: URL: C:/Program Files/Git/bin/git.exe version
[2018.11.02-14.23.40:694][  0]LogWindows: Warning: CreateProc failed: The system cannot find the file specified. (0x00000002)
[2018.11.02-14.23.40:694][  0]LogWindows: Warning: URL: C:/Program Files (x86)/Git/bin/git.exe version
[2018.11.02-14.23.40:695][  0]LogWindows: Warning: CreateProc failed: The system cannot find the file specified. (0x00000002)
[2018.11.02-14.23.40:695][  0]LogWindows: Warning: URL: C:\Users\P\AppData\Local/Programs/Git/cmd/git.exe version
[2018.11.02-14.23.40:695][  0]LogWindows: Warning: CreateProc failed: The system cannot find the file specified. (0x00000002)
[2018.11.02-14.23.40:695][  0]LogWindows: Warning: URL: C:/Program Files (x86)/SmartGit/git/bin/git.exe version
[2018.11.02-14.23.40:695][  0]LogWindows: Warning: CreateProc failed: The system cannot find the file specified. (0x00000002)
[2018.11.02-14.23.40:695][  0]LogWindows: Warning: URL: C:/Program Files (x86)/SmartGit/bin/git.exe version
[2018.11.02-14.23.40:695][  0]LogWindows: Warning: CreateProc failed: The system cannot find the file specified. (0x00000002)
[2018.11.02-14.23.40:695][  0]LogWindows: Warning: URL: C:\Users\P\AppData\Local/Atlassian/SourceTree/git_local/bin/git.exe version
[2018.11.02-14.23.40:695][  0]LogWindows: Warning: CreateProc failed: The system cannot find the file specified. (0x00000002)
[2018.11.02-14.23.40:696][  0]LogWindows: Warning: URL: C:/Program Files (x86)/fournova/Tower/vendor/Git/bin/git.exe version
[2018.11.02-14.23.40:696][  0]Cmd: MAP LOAD FILE="D:/2dProject/Final_Prototype/BP_Cplusplus/Content/2DSideScrollerBP/Maps/2DSideScrollerExampleMap.umap" TEMPLATE=0 SHOWPROGRESS=1 FEATURELEVEL=3
[2018.11.02-14.23.40:696][  0]LightingResults: New page: Lighting Build
[2018.11.02-14.23.40:699][  0]MapCheck: New page: Map Check
[2018.11.02-14.23.40:699][  0]LightingResults: New page: Lighting Build
[2018.11.02-14.23.40:949][  0]LogTexture: Display: Building textures: Character (BGRA8, 64X64)
[2018.11.02-14.23.40:950][  0]LogAIModule: Creating AISystem for world 2DSideScrollerExampleMap
[2018.11.02-14.23.41:048][  0]LogEditorServer: Finished looking for orphan Actors (0.000 secs)
[2018.11.02-14.23.41:074][  0]Cmd: MAP CHECKDEP NOCLEARLOG
[2018.11.02-14.23.41:138][  0]MapCheck: Map check complete: 0 Error(s), 0 Warning(s), took 63.628ms to complete.
[2018.11.02-14.23.41:138][  0]LogFileHelpers: Loading map '2DSideScrollerExampleMap' took 0.443
[2018.11.02-14.23.41:367][  0]LogCollectionManager: Loaded 0 collections in 0.001192 seconds
[2018.11.02-14.23.41:413][  0]LogFileCache: Scanning file cache for directory 'D:/2dProject/Final_Prototype/BP_Cplusplus/Saved/Collections/' took 0.01s
[2018.11.02-14.23.41:413][  0]LogFileCache: Scanning file cache for directory 'D:/2dProject/Final_Prototype/BP_Cplusplus/Content/Developers/P/Collections/' took 0.01s
[2018.11.02-14.23.41:413][  0]LogFileCache: Scanning file cache for directory 'D:/2dProject/Final_Prototype/BP_Cplusplus/Content/Collections/' took 0.01s
[2018.11.02-14.23.41:413][  0]LogCollectionManager: Rebuilt the GUID cache for 0 collections in 0.000000 seconds
[2018.11.02-14.23.41:423][  0]LogContentBrowser: Native class hierarchy populated in 0.0094 seconds. Added 2572 classes and 603 folders.
[2018.11.02-14.23.41:429][  0]LogContentBrowser: Native class hierarchy updated for 'WidgetCarousel' in 0.0002 seconds. Added 0 classes and 0 folders.
[2018.11.02-14.23.42:766][  0]LogContentBrowser: Native class hierarchy updated for 'AddContentDialog' in 0.0003 seconds. Added 0 classes and 0 folders.
[2018.11.02-14.23.42:881][  0]LogSlate: Updating window title bar state: overlay mode, drag disabled, window buttons hidden, title bar hidden
[2018.11.02-14.23.42:889][  0]LogSlate: Updating window title bar state: overlay mode, drag disabled, window buttons hidden, title bar hidden
[2018.11.02-14.23.42:897][  0]LogSlate: Updating window title bar state: overlay mode, drag disabled, window buttons hidden, title bar hidden
[2018.11.02-14.23.42:904][  0]LogSlate: Updating window title bar state: overlay mode, drag disabled, window buttons hidden, title bar hidden
[2018.11.02-14.23.42:947][  0]LogContentBrowser: Native class hierarchy updated for 'SceneOutliner' in 0.0003 seconds. Added 1 classes and 2 folders.
[2018.11.02-14.23.42:986][  0]LogSlate: Took 0.009948 seconds to synchronously load lazily loaded font '../../../Engine/Content/Slate/Fonts/Roboto-Regular.ttf' (155K)
[2018.11.02-14.23.42:996][  0]LogSlate: Took 0.008489 seconds to synchronously load lazily loaded font '../../../Engine/Content/Editor/Slate/Fonts/FontAwesome.ttf' (139K)
[2018.11.02-14.23.43:025][  0]LogSlate: Took 0.029028 seconds to synchronously load lazily loaded font '../../../Engine/Content/Slate/Fonts/Roboto-Bold.ttf' (160K)
[2018.11.02-14.23.43:133][  0]LogRenderer: Reallocating scene render targets to support 1068x924 Format 10 NumSamples 1 (Frame:1).
[2018.11.02-14.23.43:327][  0]LogContentBrowser: Native class hierarchy updated for 'HierarchicalLODOutliner' in 0.0003 seconds. Added 0 classes and 0 folders.
[2018.11.02-14.23.43:327][  0]LogLoad: (Engine Initialization) Total time: 94.67 seconds
[2018.11.02-14.23.43:327][  0]LogLoad: (Engine Initialization) Total Blueprint compile time: 0.00 seconds
[2018.11.02-14.23.43:364][  0]LogContentStreaming: Texture pool size now 3000 MB
[2018.11.02-14.23.43:442][  1]LogAssetRegistry: Asset discovery search completed in 58.3046 seconds
[2018.11.02-14.23.43:443][  1]LogCollectionManager: Rebuilt the object cache for 0 collections in 0.000000 seconds (found 0 objects)
[2018.11.02-14.23.43:443][  1]LogCollectionManager: Fixed up redirectors for 0 collections in 0.000054 seconds (updated 0 objects)
[2018.11.02-14.23.46:426][ 10]LogSlate: FSceneViewport::OnFocusLost() reason 0
[2018.11.02-14.23.57:183][284]LogSlate: Took 0.023959 seconds to synchronously load lazily loaded font '../../../Engine/Content/Slate/Fonts/Roboto-Light.ttf' (167K)
[2018.11.02-14.23.57:204][284]LogTexture: Display: Building textures: Floor (BGRA8, 128X128)
[2018.11.02-14.23.57:204][284]LogTexture: Display: Building textures: Sprites (BGRA8, 256X256)
[2018.11.02-14.23.57:207][284]LogAIModule: Creating AISystem for world Game_Map
[2018.11.02-14.23.57:213][284]LogAssetEditorManager: Opening Asset editor for World /Game/Maps/Game_Map.Game_Map
[2018.11.02-14.23.57:239][284]Cmd: MAP LOAD FILE="D:/2dProject/Final_Prototype/BP_Cplusplus/Content/Maps/Game_Map.umap" TEMPLATE=0 SHOWPROGRESS=1 FEATURELEVEL=3
[2018.11.02-14.23.57:239][284]LightingResults: New page: Lighting Build
[2018.11.02-14.23.57:240][284]LoadErrors: New page: Loading map: Game_Map.umap
[2018.11.02-14.23.57:240][284]MapCheck: New page: Map Check
[2018.11.02-14.23.57:240][284]LightingResults: New page: Lighting Build
[2018.11.02-14.23.57:270][284]LogEditorServer: Finished looking for orphan Actors (0.000 secs)
[2018.11.02-14.23.57:326][284]Cmd: MAP CHECKDEP NOCLEARLOG
[2018.11.02-14.23.57:391][284]MapCheck: Map check complete: 0 Error(s), 0 Warning(s), took 65.133ms to complete.
[2018.11.02-14.23.57:391][284]LogFileHelpers: Loading map 'Game_Map' took 0.153
[2018.11.02-14.23.59:051][479]LogTemp: Repeating last play command: Selected Viewport
[2018.11.02-14.23.59:071][479]LogPlayLevel: PlayLevel: No blueprints needed recompiling
[2018.11.02-14.23.59:083][479]PIE: New page: PIE session: Game_Map (Nov 2, 2018, 4:23:59 AM)
[2018.11.02-14.23.59:083][479]LogPlayLevel: Creating play world package: /Game/Maps/UEDPIE_0_Game_Map
[2018.11.02-14.23.59:084][479]LogPlayLevel: PIE: StaticDuplicateObject took: (0.001101s)
[2018.11.02-14.23.59:085][479]LogAIModule: Creating AISystem for world Game_Map
[2018.11.02-14.23.59:085][479]LogPlayLevel: PIE: World Init took: (0.000711s)
[2018.11.02-14.23.59:085][479]LogPlayLevel: PIE: Created PIE world by copying editor world from /Game/Maps/Game_Map.Game_Map to /Game/Maps/UEDPIE_0_Game_Map.Game_Map (0.001961s)
[2018.11.02-14.23.59:121][479]LogInit: XAudio2 using 'Speakers (Realtek High Definition Audio)' : 2 channels at 48 kHz using 32 bits per sample (channel mask 0x3)
[2018.11.02-14.23.59:144][479]LogInit: FAudioDevice initialized.
[2018.11.02-14.23.59:186][479]LogLoad: Game class is '2DSideScrollerGameMode_C'
[2018.11.02-14.23.59:202][479]LogWorld: Bringing World /Game/Maps/UEDPIE_0_Game_Map.Game_Map up for play (max tick rate 0) at 2018.11.02-09.23.59
[2018.11.02-14.23.59:209][479]LogWorld: Bringing up level for play took: 0.007004
[2018.11.02-14.23.59:225][479]LogContentBrowser: Native class hierarchy updated for 'MovieSceneCapture' in 0.0003 seconds. Added 10 classes and 0 folders.
[2018.11.02-14.23.59:226][479]PIE: Play in editor start time for /Game/Maps/UEDPIE_0_Game_Map -0.035
[2018.11.02-14.24.00:903][677]LogSlate: Updating window title bar state: overlay mode, drag disabled, window buttons hidden, title bar hidden
[2018.11.02-14.24.00:935][677]LogPlayLevel: Display: Shutting down PIE online subsystems
[2018.11.02-14.24.00:962][677]LogSlate: Updating window title bar state: overlay mode, drag disabled, window buttons hidden, title bar hidden
[2018.11.02-14.24.01:004][682]LogPlayLevel: Display: Destroying online subsystem :Context_1
