Log file open, 10/31/18 11:53:46
LogWindows: Failed to load 'aqProf.dll' (GetLastError=126)
LogWindows: File 'aqProf.dll' does not exist
LogWindows: Failed to load 'VSPerf140.dll' (GetLastError=126)
LogWindows: File 'VSPerf140.dll' does not exist
LogWindows: Failed to load 'VtuneApi.dll' (GetLastError=126)
LogWindows: File 'VtuneApi.dll' does not exist
LogWindows: Failed to load 'VtuneApi32e.dll' (GetLastError=126)
LogWindows: File 'VtuneApi32e.dll' does not exist
LogInit: Display: Running engine for game: BP_Cplusplus
LogPlatformFile: Not using cached read wrapper
LogTaskGraph: Started task graph with 5 named threads and 35 total threads with 3 sets of task threads.
LogStats: Stats thread started at 0.408086
LogD3D11RHI: Loaded GFSDK_Aftermath_Lib.x64.dll
LogICUInternationalization: Display: ICU TimeZone Detection - Raw Offset: -6:00, Platform Override: ''
LogPluginManager: Mounting plugin Paper2D
LogPluginManager: Mounting plugin AISupport
LogPluginManager: Mounting plugin LightPropagationVolume
LogPluginManager: Mounting plugin CLionSourceCodeAccess
LogPluginManager: Mounting plugin CodeLiteSourceCodeAccess
LogPluginManager: Mounting plugin GitSourceControl
LogPluginManager: Mounting plugin KDevelopSourceCodeAccess
LogPluginManager: Mounting plugin NullSourceCodeAccess
LogPluginManager: Mounting plugin PerforceSourceControl
LogPluginManager: Mounting plugin SubversionSourceControl
LogPluginManager: Mounting plugin UObjectPlugin
LogPluginManager: Mounting plugin VisualStudioCodeSourceCodeAccess
LogPluginManager: Mounting plugin VisualStudioSourceCodeAccess
LogPluginManager: Mounting plugin XCodeSourceCodeAccess
LogPluginManager: Mounting plugin AssetManagerEditor
LogPluginManager: Mounting plugin CryptoKeys
LogPluginManager: Mounting plugin DataValidation
LogPluginManager: Mounting plugin FacialAnimation
LogPluginManager: Mounting plugin GameplayTagsEditor
LogPluginManager: Mounting plugin MacGraphicsSwitching
LogPluginManager: Mounting plugin MeshEditor
LogPluginManager: Mounting plugin MobileLauncherProfileWizard
LogPluginManager: Mounting plugin PluginBrowser
LogPluginManager: Mounting plugin SpeedTreeImporter
LogPluginManager: Mounting plugin DatasmithContent
LogPluginManager: Mounting plugin AlembicImporter
LogPluginManager: Mounting plugin AppleImageUtils
LogPluginManager: Mounting plugin AppleVision
LogPluginManager: Mounting plugin BackChannel
LogPluginManager: Mounting plugin CharacterAI
LogPluginManager: Mounting plugin GeometryCache
LogPluginManager: Mounting plugin HTML5Networking
LogPluginManager: Mounting plugin ProxyLODPlugin
LogPluginManager: Mounting plugin MagicLeap
LogPluginManager: Mounting plugin MagicLeapEmulator
LogPluginManager: Mounting plugin MagicLeapMedia
LogPluginManager: Mounting plugin AndroidMedia
LogPluginManager: Mounting plugin AvfMedia
LogPluginManager: Mounting plugin ImgMedia
LogPluginManager: Mounting plugin LinearTimecode
LogPluginManager: Mounting plugin MediaCompositing
LogPluginManager: Mounting plugin MediaPlayerEditor
LogPluginManager: Mounting plugin WmfMedia
LogPluginManager: Mounting plugin TcpMessaging
LogPluginManager: Mounting plugin UdpMessaging
LogPluginManager: Mounting plugin ActorSequence
LogPluginManager: Mounting plugin LevelSequenceEditor
LogPluginManager: Mounting plugin MatineeToLevelSequence
LogPluginManager: Mounting plugin NetcodeUnitTest
LogPluginManager: Mounting plugin NUTUnrealEngine4
LogPluginManager: Mounting plugin OnlineSubsystemGooglePlay
LogPluginManager: Mounting plugin OnlineSubsystemIOS
LogPluginManager: Mounting plugin OnlineSubsystem
LogPluginManager: Mounting plugin OnlineSubsystemNull
LogPluginManager: Mounting plugin OnlineSubsystemUtils
LogPluginManager: Mounting plugin LauncherChunkInstaller
LogPluginManager: Mounting plugin AndroidDeviceProfileSelector
LogPluginManager: Mounting plugin AndroidMoviePlayer
LogPluginManager: Mounting plugin AndroidPermission
LogPluginManager: Mounting plugin AppleMoviePlayer
LogPluginManager: Mounting plugin ArchVisCharacter
LogPluginManager: Mounting plugin AudioCapture
LogPluginManager: Mounting plugin CableComponent
LogPluginManager: Mounting plugin CustomMeshComponent
LogPluginManager: Mounting plugin EditableMesh
LogPluginManager: Mounting plugin ExampleDeviceProfileSelector
LogPluginManager: Mounting plugin GoogleCloudMessaging
LogPluginManager: Mounting plugin ImmediatePhysics
LogPluginManager: Mounting plugin IOSDeviceProfileSelector
LogPluginManager: Mounting plugin LinuxDeviceProfileSelector
LogPluginManager: Mounting plugin LocationServicesBPLibrary
LogPluginManager: Mounting plugin MobilePatchingUtils
LogPluginManager: Mounting plugin OculusVR
LogPluginManager: Plugin shader directory ../../../Engine/Plugins/Runtime/Oculus/OculusVR/Shaders found
LogPluginManager: Mapping shader source directory ../../../Engine/Plugins/Runtime/Oculus/OculusVR/Shaders to virtual directory /Plugin/OculusVR
LogPluginManager: Mounting plugin PhysXVehicles
LogPluginManager: Mounting plugin ProceduralMeshComponent
LogPluginManager: Mounting plugin RuntimePhysXCooking
LogPluginManager: Mounting plugin SteamVR
LogPluginManager: Mounting plugin WindowsMoviePlayer
LogStreaming: Display: Took  0.114s to configure plugins.
LogInit: Using libcurl 7.55.1-DEV
LogInit:  - built for x86_64-pc-win32
LogInit:  - supports SSL with OpenSSL/1.0.2h
LogInit:  - supports HTTP deflate (compression) using libz 1.2.8
LogInit:  - other features:
LogInit:      CURL_VERSION_SSL
LogInit:      CURL_VERSION_LIBZ
LogInit:      CURL_VERSION_IPV6
LogInit:      CURL_VERSION_ASYNCHDNS
LogInit:      CURL_VERSION_LARGEFILE
LogInit:      CURL_VERSION_IDN
LogInit:  CurlRequestOptions (configurable via config and command line):
LogInit:  - bVerifyPeer = false  - Libcurl will NOT verify peer certificate
LogInit:  - bUseHttpProxy = false  - Libcurl will NOT use HTTP proxy
LogInit:  - bDontReuseConnections = false  - Libcurl will reuse connections
LogInit:  - CertBundlePath = nullptr  - Libcurl will use whatever was configured at build time.
LogInit:  - MaxHostConnections = 16  - Libcurl will limit the number of connections to a host
LogInit:  - LocalHostAddr = Default
LogInit:  - BufferSize = 65536
LogInit: WinSock: version 1.1 (2.2), MaxSocks=32767, MaxUdp=65467
LogInit: Build: ++UE4+Release-4.20-CL-4302132
LogInit: Engine Version: 4.20.2-4302132+++UE4+Release-4.20
LogInit: Compatible Engine Version: 4.20.0-4212847+++UE4+Release-4.20
LogInit: Net CL: 4212847
LogInit: OS: Windows 10 (), CPU: Intel(R) Core(TM) i7-8750H CPU @ 2.20GHz, GPU: Intel(R) UHD Graphics 630
LogInit: Compiled (64-bit): Aug 21 2018 02:06:06
LogInit: Compiled with Visual C++: 19.13.26129.00
LogInit: Build Configuration: Development
LogInit: Branch Name: ++UE4+Release-4.20
LogInit: Command Line: 
LogInit: Base Directory: C:/Program Files/Epic Games/UE_4.20/Engine/Binaries/Win64/
LogInit: Installed Engine Build: 1
LogDevObjectVersion: Number of dev versions registered: 20
LogDevObjectVersion:   Dev-Blueprints (B0D832E4-1F89-4F0D-ACCF-7EB736FD4AA2): 10
LogDevObjectVersion:   Dev-Build (E1C64328-A22C-4D53-A36C-8E866417BD8C): 0
LogDevObjectVersion:   Dev-Core (375EC13C-06E4-48FB-B500-84F0262A717E): 2
LogDevObjectVersion:   Dev-Editor (E4B068ED-F494-42E9-A231-DA0B2E46BB41): 24
LogDevObjectVersion:   Dev-Framework (CFFC743F-43B0-4480-9391-14DF171D2073): 34
LogDevObjectVersion:   Dev-Mobile (B02B49B5-BB20-44E9-A304-32B752E40360): 2
LogDevObjectVersion:   Dev-Networking (A4E4105C-59A1-49B5-A7C5-40C4547EDFEE): 0
LogDevObjectVersion:   Dev-Online (39C831C9-5AE6-47DC-9A44-9C173E1C8E7C): 0
LogDevObjectVersion:   Dev-Physics (78F01B33-EBEA-4F98-B9B4-84EACCB95AA2): 0
LogDevObjectVersion:   Dev-Platform (6631380F-2D4D-43E0-8009-CF276956A95A): 0
LogDevObjectVersion:   Dev-Rendering (12F88B9F-8875-4AFC-A67C-D90C383ABD29): 26
LogDevObjectVersion:   Dev-Sequencer (7B5AE74C-D270-4C10-A958-57980B212A5A): 9
LogDevObjectVersion:   Dev-VR (D7296918-1DD6-4BDD-9DE2-64A83CC13884): 2
LogDevObjectVersion:   Dev-LoadTimes (C2A15278-BFE7-4AFE-6C17-90FF531DF755): 1
LogDevObjectVersion:   Private-Geometry (6EACA3D4-40EC-4CC1-B786-8BED09428FC5): 3
LogDevObjectVersion:   Dev-AnimPhys (29E575DD-E0A3-4627-9D10-D276232CDCEA): 17
LogDevObjectVersion:   Dev-ReflectionCapture (6B266CEC-1EC7-4B8F-A30B-E4D90942FC07): 1
LogDevObjectVersion:   Dev-Automation (0DF73D61-A23F-47EA-B727-89E90C41499A): 1
LogDevObjectVersion:   FortniteMain (601D1886-AC64-4F84-AA16-D3DE0DEAC7D6): 12
LogDevObjectVersion:   Dev-Enterprise (9DFFBCD6-494F-0158-E221-12823C92A888): 1
LogStreaming: Display: Took  0.003s to delete old logs.
LogInit: Presizing for max 8388607 objects, including 0 objects not considered by GC, pre-allocating 0 bytes for permanent pool.
LogInit: Object subsystem initialized
[2018.10.31-16.53.46:415][  0]LogInit: Selected Device Profile: [Windows]
[2018.10.31-16.53.46:415][  0]LogInit: Applying CVar settings loaded from the selected device profile: [Windows]
[2018.10.31-16.53.46:425][  0]LogHAL: Display: Platform has ~ 16 GB [17052700672 / 17179869184 / 16], which maps to Larger [LargestMinGB=32, LargerMinGB=12, DefaultMinGB=8, SmallerMinGB=6, SmallestMinGB=0)
[2018.10.31-16.53.46:425][  0]LogInit: Setting Device Profile CVar: [[r.Vulkan.UseRealUBs:1]]
[2018.10.31-16.53.46:425][  0]LogInit: Going up to parent DeviceProfile []
[2018.10.31-16.53.46:425][  0]LogInit: Computer: MSI
[2018.10.31-16.53.46:425][  0]LogInit: User: Luis
[2018.10.31-16.53.46:425][  0]LogInit: CPU Page size=4096, Cores=6
[2018.10.31-16.53.46:425][  0]LogInit: High frequency timer resolution =2.156247 MHz
[2018.10.31-16.53.46:425][  0]LogMemory: Memory total: Physical=15.9GB (16GB approx)
[2018.10.31-16.53.46:425][  0]LogMemory: Platform Memory Stats for Windows
[2018.10.31-16.53.46:425][  0]LogMemory: Process Physical Memory: 102.48 MB used, 102.48 MB peak
[2018.10.31-16.53.46:425][  0]LogMemory: Process Virtual Memory: 94.12 MB used, 94.12 MB peak
[2018.10.31-16.53.46:425][  0]LogMemory: Physical Memory: 11042.58 MB used,  5220.14 MB free, 16262.72 MB total
[2018.10.31-16.53.46:425][  0]LogMemory: Virtual Memory: 4665.24 MB used,  5220.14 MB free, 134217728.00 MB total
[2018.10.31-16.53.46:930][  0]LogInit: Using OS detected language (en-US).
[2018.10.31-16.53.46:930][  0]LogInit: Using OS detected locale (en-US).
[2018.10.31-16.53.46:930][  0]LogTextLocalizationManager: No specific localization for 'en-US' exists, so the 'en' localization will be used.
[2018.10.31-16.53.47:243][  0]LogStreaming: Display: Took  0.314s to InitEngineTextLocalization.
[2018.10.31-16.53.47:244][  0]LogInit: Setting process to per monitor DPI aware
[2018.10.31-16.53.47:284][  0]LogSlate: New Slate User Created.  User Index 0, Is Virtual User: 0
[2018.10.31-16.53.47:284][  0]LogSlate: Slate User Registered.  User Index 0, Is Virtual User: 0
[2018.10.31-16.53.47:445][  0]LogHMD: Failed to initialize OpenVR with code 110
[2018.10.31-16.53.47:445][  0]LogD3D11RHI: D3D11 adapters:
[2018.10.31-16.53.47:516][  0]LogD3D11RHI:    0. 'NVIDIA GeForce GTX 1060' (Feature Level 11_0)
[2018.10.31-16.53.47:517][  0]LogD3D11RHI:       6052/0/8131 MB DedicatedVideo/DedicatedSystem/SharedSystem, Outputs:1, VendorId:0x10de
[2018.10.31-16.53.47:530][  0]LogD3D11RHI:    1. 'Intel(R) UHD Graphics 630' (Feature Level 11_0)
[2018.10.31-16.53.47:530][  0]LogD3D11RHI:       128/0/8131 MB DedicatedVideo/DedicatedSystem/SharedSystem, Outputs:0, VendorId:0x8086
[2018.10.31-16.53.47:532][  0]LogD3D11RHI:    2. 'Microsoft Basic Render Driver' (Feature Level 11_0)
[2018.10.31-16.53.47:532][  0]LogD3D11RHI:       0/0/8131 MB DedicatedVideo/DedicatedSystem/SharedSystem, Outputs:0, VendorId:0x1414
[2018.10.31-16.53.47:532][  0]LogD3D11RHI: Chosen D3D11 Adapter: 0
[2018.10.31-16.53.47:558][  0]LogD3D11RHI: Creating new Direct3DDevice
[2018.10.31-16.53.47:558][  0]LogD3D11RHI:     GPU DeviceId: 0x1c20 (for the marketing name, search the web for "GPU Device Id")
[2018.10.31-16.53.47:558][  0]LogWindows: EnumDisplayDevices:
[2018.10.31-16.53.47:558][  0]LogWindows:    0. 'Intel(R) UHD Graphics 630' (P:1 D:1)
[2018.10.31-16.53.47:559][  0]LogWindows:    1. 'Intel(R) UHD Graphics 630' (P:0 D:0)
[2018.10.31-16.53.47:559][  0]LogWindows:    2. 'Intel(R) UHD Graphics 630' (P:0 D:0)
[2018.10.31-16.53.47:559][  0]LogWindows:    3. 'NVIDIA GeForce GTX 1060' (P:0 D:0)
[2018.10.31-16.53.47:559][  0]LogWindows:    4. 'NVIDIA GeForce GTX 1060' (P:0 D:0)
[2018.10.31-16.53.47:560][  0]LogWindows:    5. 'NVIDIA GeForce GTX 1060' (P:0 D:0)
[2018.10.31-16.53.47:560][  0]LogWindows:    6. 'NVIDIA GeForce GTX 1060' (P:0 D:0)
[2018.10.31-16.53.47:560][  0]LogWindows: DebugString: PrimaryIsNotTheChoosenAdapter PrimaryIsNotTheChoosenAdapter PrimaryIsNotTheChoosenAdapter FoundDriverCount:4 
[2018.10.31-16.53.47:560][  0]LogD3D11RHI:     Adapter Name: NVIDIA GeForce GTX 1060
[2018.10.31-16.53.47:560][  0]LogD3D11RHI:   Driver Version: 398.11 (internal:24.21.13.9811, unified:398.11)
[2018.10.31-16.53.47:560][  0]LogD3D11RHI:      Driver Date: 6-1-2018
[2018.10.31-16.53.47:560][  0]LogRHI: Texture pool is 4236 MB (70% of 6052 MB)
[2018.10.31-16.53.47:597][  0]LogD3D11RHI: Async texture creation enabled
[2018.10.31-16.53.47:618][  0]LogD3D11RHI: GPU Timing Frequency: 1000.000000 (Debug: 2 2)
[2018.10.31-16.53.47:619][  0]LogShaderCompilers: Guid format shader working directory is -30 characters bigger than the processId version (../../../../../../Users/Luis/Documents/GitHub/Final_Prototype/BP_Cplusplus/Intermediate/Shaders/WorkingDirectory/12040/).
[2018.10.31-16.53.47:619][  0]LogShaderCompilers: Cleaned the shader compiler working directory 'C:/Users/Luis/AppData/Local/Temp/UnrealShaderWorkingDir/42233CED4C4B41BA074D398026CDD13D/'.
[2018.10.31-16.53.47:890][  0]LogTemp: Display: Loaded TP AllDesktopTargetPlatform
[2018.10.31-16.53.47:902][  0]LogTemp: Display: Loaded TP MacClientTargetPlatform
[2018.10.31-16.53.47:915][  0]LogTemp: Display: Loaded TP MacNoEditorTargetPlatform
[2018.10.31-16.53.47:927][  0]LogTemp: Display: Loaded TP MacServerTargetPlatform
[2018.10.31-16.53.47:939][  0]LogTemp: Display: Loaded TP MacTargetPlatform
[2018.10.31-16.53.47:951][  0]LogTemp: Display: Loaded TP WindowsClientTargetPlatform
[2018.10.31-16.53.47:964][  0]LogTemp: Display: Loaded TP WindowsNoEditorTargetPlatform
[2018.10.31-16.53.47:976][  0]LogTemp: Display: Loaded TP WindowsServerTargetPlatform
[2018.10.31-16.53.47:983][  0]LogTemp: Display: Loaded TP WindowsTargetPlatform
[2018.10.31-16.53.48:051][  0]LogTemp: Display: Loaded TP AndroidTargetPlatform
[2018.10.31-16.53.48:051][  0]LogTemp: Display: Loaded TP AndroidTargetPlatform
[2018.10.31-16.53.48:051][  0]LogTemp: Display: Loaded TP AndroidTargetPlatform
[2018.10.31-16.53.48:051][  0]LogTemp: Display: Loaded TP AndroidTargetPlatform
[2018.10.31-16.53.48:051][  0]LogTemp: Display: Loaded TP AndroidTargetPlatform
[2018.10.31-16.53.48:051][  0]LogTemp: Display: Loaded TP AndroidTargetPlatform
[2018.10.31-16.53.48:051][  0]LogTemp: Display: Loaded TP AndroidTargetPlatform
[2018.10.31-16.53.48:051][  0]LogTemp: Display: Loaded TP AndroidTargetPlatform
[2018.10.31-16.53.48:051][  0]LogTemp: Display: Loaded TP AndroidTargetPlatform
[2018.10.31-16.53.48:051][  0]LogTemp: Display: Loaded TP AndroidTargetPlatform
[2018.10.31-16.53.48:051][  0]LogTemp: Display: Loaded TP AndroidTargetPlatform
[2018.10.31-16.53.48:051][  0]LogTemp: Display: Loaded TP AndroidTargetPlatform
[2018.10.31-16.53.48:051][  0]LogTemp: Display: Loaded TP AndroidTargetPlatform
[2018.10.31-16.53.48:051][  0]LogTemp: Display: Loaded TP AndroidTargetPlatform
[2018.10.31-16.53.48:051][  0]LogTemp: Display: Loaded TP AndroidTargetPlatform
[2018.10.31-16.53.48:051][  0]LogTemp: Display: Loaded TP AndroidTargetPlatform
[2018.10.31-16.53.48:051][  0]LogTemp: Display: Loaded TP AndroidTargetPlatform
[2018.10.31-16.53.48:051][  0]LogTemp: Display: Loaded TP AndroidTargetPlatform
[2018.10.31-16.53.48:053][  0]LogTemp: Display: Loaded TP HTML5TargetPlatform
[2018.10.31-16.53.48:111][  0]LogTemp: Display: Loaded TP IOSTargetPlatform
[2018.10.31-16.53.48:111][  0]LogTemp: Display: Loaded TP IOSTargetPlatform
[2018.10.31-16.53.48:132][  0]LogTemp: Display: Loaded TP TVOSTargetPlatform
[2018.10.31-16.53.48:132][  0]LogTemp: Display: Loaded TP TVOSTargetPlatform
[2018.10.31-16.53.48:144][  0]LogTemp: Display: Loaded TP LinuxClientTargetPlatform
[2018.10.31-16.53.48:156][  0]LogTemp: Display: Loaded TP LinuxNoEditorTargetPlatform
[2018.10.31-16.53.48:167][  0]LogTemp: Display: Loaded TP LinuxServerTargetPlatform
[2018.10.31-16.53.48:179][  0]LogTemp: Display: Loaded TP LinuxTargetPlatform
[2018.10.31-16.53.48:188][  0]LogTemp: Display: Loaded TP LuminTargetPlatform
[2018.10.31-16.53.48:188][  0]LogTargetPlatformManager: Display: Building Assets For Windows
[2018.10.31-16.53.48:253][  0]LogXGEController: Cannot use XGE Controller as Incredibuild is not installed on this machine.
[2018.10.31-16.53.48:253][  0]LogShaderCompilers: Cannot use XGE Shader Compiler as Incredibuild is not installed on this machine.
[2018.10.31-16.53.48:253][  0]LogShaderCompilers: Display: Using Local Shader Compiler.
[2018.10.31-16.53.48:856][  0]LogDerivedDataCache: Display: Max Cache Size: 512 MB
[2018.10.31-16.53.48:901][  0]LogDerivedDataCache: Loaded boot cache 0.05s 71MB C:/Users/Luis/AppData/Local/UnrealEngine/4.20/DerivedDataCache/Boot.ddc.
[2018.10.31-16.53.48:901][  0]LogDerivedDataCache: Display: Loaded Boot cache: C:/Users/Luis/AppData/Local/UnrealEngine/4.20/DerivedDataCache/Boot.ddc
[2018.10.31-16.53.48:901][  0]LogDerivedDataCache: FDerivedDataBackendGraph:  Pak pak cache file ../../../../../../Users/Luis/Documents/GitHub/Final_Prototype/BP_Cplusplus/DerivedDataCache/DDC.ddp not found, will not use a pak cache.
[2018.10.31-16.53.48:901][  0]LogDerivedDataCache: Unable to find inner node Pak for hierarchical cache Hierarchy.
[2018.10.31-16.53.48:901][  0]LogDerivedDataCache: FDerivedDataBackendGraph:  CompressedPak pak cache file ../../../../../../Users/Luis/Documents/GitHub/Final_Prototype/BP_Cplusplus/DerivedDataCache/Compressed.ddp not found, will not use a pak cache.
[2018.10.31-16.53.48:901][  0]LogDerivedDataCache: Unable to find inner node CompressedPak for hierarchical cache Hierarchy.
[2018.10.31-16.53.48:912][  0]LogDerivedDataCache: Display: Pak cache opened for reading ../../../Engine/DerivedDataCache/Compressed.ddp.
[2018.10.31-16.53.48:925][  0]LogDerivedDataCache: Using Local data cache path C:/Users/Luis/AppData/Local/UnrealEngine/Common/DerivedDataCache: Writable
[2018.10.31-16.53.48:925][  0]LogDerivedDataCache: Shared data cache path not found in *engine.ini, will not use an Shared cache.
[2018.10.31-16.53.48:925][  0]LogDerivedDataCache: Unable to find inner node Shared for hierarchical cache Hierarchy.
[2018.10.31-16.53.48:940][  0]LogMaterial: Verifying Global Shaders for PCD3D_SM5
[2018.10.31-16.53.48:941][  0]LogSlate: Using FreeType 2.6.0
[2018.10.31-16.53.48:942][  0]LogSlate: SlateFontServices - WITH_FREETYPE: 1, WITH_HARFBUZZ: 1
[2018.10.31-16.53.49:006][  0]LogAssetRegistry: FAssetRegistry took 0.0257 seconds to start up
[2018.10.31-16.53.49:273][  0]LogInit: Selected Device Profile: [Windows]
[2018.10.31-16.53.49:407][  0]LogSimplygon: Simplygon DLL not present - disabling.
[2018.10.31-16.53.49:411][  0]LogMeshReduction: Using SimplygonSwarm for distributed automatic mesh merging
[2018.10.31-16.53.49:411][  0]LogMeshReduction: Using ProxyLODMeshReduction for automatic mesh merging
[2018.10.31-16.53.49:411][  0]LogMeshReduction: Using QuadricMeshReduction for automatic static mesh reduction
[2018.10.31-16.53.49:411][  0]LogMeshReduction: No automatic skeletal mesh reduction module available
[2018.10.31-16.53.49:424][  0]LogNetVersion: BP_Cplusplus 1.0.0, NetCL: 4212847, EngineNetVer: 5, GameNetVer: 0 (Checksum: 68179885)
[2018.10.31-16.53.49:879][  0]LogPackageLocalizationCache: Processed 11 localized package path(s) for 2 prioritized culture(s) in 0.095463 seconds
[2018.10.31-16.53.49:885][  0]LogUObjectArray: 38425 objects as part of root set at end of initial load.
[2018.10.31-16.53.49:885][  0]LogUObjectAllocator: 6690864 out of 0 bytes used by permanent object pool.
[2018.10.31-16.53.49:885][  0]LogUObjectArray: CloseDisregardForGC: 0/0 objects in disregard for GC pool
[2018.10.31-16.53.50:634][  0]LogTcpMessaging: Initializing TcpMessaging bridge
[2018.10.31-16.53.50:648][  0]LogUdpMessaging: Initializing bridge on interface 0.0.0.0:0 to multicast group 230.0.0.1:6666.
[2018.10.31-16.53.50:789][  0]SourceControl: Source control is disabled
[2018.10.31-16.53.50:789][  0]SourceControl: Source control is disabled
[2018.10.31-16.53.50:791][  0]SourceControl: Source control is disabled
[2018.10.31-16.53.50:793][  0]SourceControl: Source control is disabled
[2018.10.31-16.53.50:972][  0]LogAndroidPermission: UAndroidPermissionCallbackProxy::GetInstance
[2018.10.31-16.53.51:040][  0]LogOcInput: OculusInput pre-init called
[2018.10.31-16.53.51:096][  0]LogEngine: Initializing Engine...
[2018.10.31-16.53.51:097][  0]LogHMD: Failed to initialize OpenVR with code 110
[2018.10.31-16.53.51:098][  0]LogStats: UGameplayTagsManager::ConstructGameplayTagTree: ImportINI prefixes -  0.000 s
[2018.10.31-16.53.51:098][  0]LogStats: UGameplayTagsManager::ConstructGameplayTagTree: Construct from data asset -  0.000 s
[2018.10.31-16.53.51:098][  0]LogStats: UGameplayTagsManager::ConstructGameplayTagTree: ImportINI -  0.000 s
[2018.10.31-16.53.51:098][  0]LogStats: UGameplayTagsManager::ConstructGameplayTagTree: GameplayTagTreeChangedEvent.Broadcast -  0.000 s
[2018.10.31-16.53.51:284][  0]LogInit: Initializing FReadOnlyCVARCache
[2018.10.31-16.53.51:296][  0]LogAIModule: Creating AISystem for world Untitled
[2018.10.31-16.53.51:307][  0]LogInit: XAudio2 using 'Speakers (Realtek(R) Audio)' : 6 channels at 48 kHz using 32 bits per sample (channel mask 0x3f)
[2018.10.31-16.53.51:375][  0]LogInit: FAudioDevice initialized.
[2018.10.31-16.53.51:375][  0]LogNetVersion: Set ProjectVersion to 1.0.0.0. Version Checksum will be recalculated on next use.
[2018.10.31-16.53.51:447][  0]LogDerivedDataCache: Saved boot cache 0.07s 71MB C:/Users/Luis/AppData/Local/UnrealEngine/4.20/DerivedDataCache/Boot.ddc.
[2018.10.31-16.53.51:456][  0]LogInit: Texture streaming: Enabled
[2018.10.31-16.53.51:472][  0]LogEngineSessionManager: EngineSessionManager initialized
[2018.10.31-16.53.51:485][  0]LogInit: Transaction tracking system initialized
[2018.10.31-16.53.51:506][  0]BlueprintLog: New page: Editor Load
[2018.10.31-16.53.51:585][  0]LocalizationService: Localization service is disabled
[2018.10.31-16.53.51:831][  0]LogCook: Display: Max memory allowance for cook 16384mb min free memory 0mb
[2018.10.31-16.53.51:831][  0]LogCook: Display: Mobile HDR setting 1
[2018.10.31-16.53.51:831][  0]LogGameplayTags: Display: UGameplayTagsManager::DoneAddingNativeTags. DelegateIsBound: 0
[2018.10.31-16.53.51:831][  0]LogStats: UGameplayTagsManager::ConstructGameplayTagTree: ImportINI prefixes -  0.000 s
[2018.10.31-16.53.51:831][  0]LogStats: UGameplayTagsManager::ConstructGameplayTagTree: Construct from data asset -  0.000 s
[2018.10.31-16.53.51:831][  0]LogStats: UGameplayTagsManager::ConstructGameplayTagTree: ImportINI -  0.000 s
[2018.10.31-16.53.51:831][  0]LogStats: UGameplayTagsManager::ConstructGameplayTagTree: GameplayTagTreeChangedEvent.Broadcast -  0.000 s
[2018.10.31-16.53.51:899][  0]LogFileCache: Scanning file cache for directory 'C:/Users/Luis/Documents/GitHub/Final_Prototype/BP_Cplusplus/Content/' took 0.01s
[2018.10.31-16.53.51:942][  0]SourceControl: Source control is disabled
[2018.10.31-16.53.51:942][  0]Cmd: MAP LOAD FILE="../../../../../../Users/Luis/Documents/GitHub/Final_Prototype/BP_Cplusplus/Content/2DSideScrollerBP/Maps/2DSideScrollerExampleMap.umap" TEMPLATE=0 SHOWPROGRESS=1 FEATURELEVEL=3
[2018.10.31-16.53.51:942][  0]LogEditorServer: Warning: Can't find file '../../../../../../Users/Luis/Documents/GitHub/Final_Prototype/BP_Cplusplus/Content/2DSideScrollerBP/Maps/2DSideScrollerExampleMap.umap'
[2018.10.31-16.53.51:942][  0]Cmd: MAP CHECKDEP NOCLEARLOG
[2018.10.31-16.53.51:992][  0]MapCheck: Map check complete: 0 Error(s), 0 Warning(s), took 50.238ms to complete.
[2018.10.31-16.53.51:992][  0]LogFileHelpers: Loading map '2DSideScrollerExampleMap' took 0.051
[2018.10.31-16.53.52:100][  0]LogSlate: Updating window title bar state: overlay mode, drag disabled, window buttons hidden, title bar hidden
[2018.10.31-16.53.52:108][  0]LogSlate: Updating window title bar state: overlay mode, drag disabled, window buttons hidden, title bar hidden
[2018.10.31-16.53.52:115][  0]LogSlate: Updating window title bar state: overlay mode, drag disabled, window buttons hidden, title bar hidden
[2018.10.31-16.53.52:123][  0]LogSlate: Updating window title bar state: overlay mode, drag disabled, window buttons hidden, title bar hidden
[2018.10.31-16.53.52:129][  0]LogCollectionManager: Loaded 0 collections in 0.001283 seconds
[2018.10.31-16.53.52:171][  0]LogFileCache: Scanning file cache for directory 'C:/Users/Luis/Documents/GitHub/Final_Prototype/BP_Cplusplus/Saved/Collections/' took 0.01s
[2018.10.31-16.53.52:171][  0]LogFileCache: Scanning file cache for directory 'C:/Users/Luis/Documents/GitHub/Final_Prototype/BP_Cplusplus/Content/Developers/Luis/Collections/' took 0.01s
[2018.10.31-16.53.52:171][  0]LogFileCache: Scanning file cache for directory 'C:/Users/Luis/Documents/GitHub/Final_Prototype/BP_Cplusplus/Content/Collections/' took 0.01s
[2018.10.31-16.53.52:171][  0]LogCollectionManager: Rebuilt the GUID cache for 0 collections in 0.000000 seconds
[2018.10.31-16.53.52:179][  0]LogContentBrowser: Native class hierarchy populated in 0.0077 seconds. Added 2572 classes and 603 folders.
[2018.10.31-16.53.52:186][  0]LogContentBrowser: Native class hierarchy updated for 'WidgetCarousel' in 0.0004 seconds. Added 0 classes and 0 folders.
[2018.10.31-16.53.52:269][  0]LogContentBrowser: Native class hierarchy updated for 'AddContentDialog' in 0.0002 seconds. Added 0 classes and 0 folders.
[2018.10.31-16.53.52:275][  0]LogContentBrowser: Native class hierarchy updated for 'SceneOutliner' in 0.0002 seconds. Added 1 classes and 2 folders.
[2018.10.31-16.53.52:323][  0]LogSlate: Took 0.000125 seconds to synchronously load lazily loaded font '../../../Engine/Content/Slate/Fonts/Roboto-Regular.ttf' (155K)
[2018.10.31-16.53.52:325][  0]LogSlate: Took 0.000127 seconds to synchronously load lazily loaded font '../../../Engine/Content/Slate/Fonts/Roboto-Bold.ttf' (160K)
[2018.10.31-16.53.52:330][  0]LogSlate: Took 0.001272 seconds to synchronously load lazily loaded font '../../../Engine/Content/Editor/Slate/Fonts/FontAwesome.ttf' (139K)
[2018.10.31-16.53.52:398][  0]LogRenderer: Reallocating scene render targets to support 796x352 Format 10 NumSamples 1 (Frame:1).
[2018.10.31-16.53.52:508][  0]LogContentBrowser: Native class hierarchy updated for 'HierarchicalLODOutliner' in 0.0002 seconds. Added 0 classes and 0 folders.
[2018.10.31-16.53.52:508][  0]LogLoad: (Engine Initialization) Total time: 7.76 seconds
[2018.10.31-16.53.52:508][  0]LogLoad: (Engine Initialization) Total Blueprint compile time: 0.00 seconds
[2018.10.31-16.53.52:520][  0]LogWindowsTextInputMethodSystem: Display: IME system now deactivated.
[2018.10.31-16.53.52:543][  0]LogContentStreaming: Texture pool size now 1000 MB
[2018.10.31-16.53.52:641][  0]LogSlate: Took 0.010389 seconds to synchronously load lazily loaded font '../../../Engine/Content/Slate/Fonts/Roboto-Light.ttf' (167K)
[2018.10.31-16.53.52:656][  1]LogAssetRegistry: Asset discovery search completed in 3.6716 seconds
[2018.10.31-16.53.52:657][  1]LogCollectionManager: Rebuilt the object cache for 0 collections in 0.000000 seconds (found 0 objects)
[2018.10.31-16.53.52:657][  1]LogCollectionManager: Fixed up redirectors for 0 collections in 0.000044 seconds (updated 0 objects)
[2018.10.31-16.53.53:532][104]LogSlate: Took 0.000154 seconds to synchronously load lazily loaded font '../../../Engine/Content/Slate/Fonts/Roboto-Light.ttf' (167K)
[2018.10.31-16.53.56:236][419]LogSlate: FSceneViewport::OnFocusLost() reason 0
[2018.10.31-16.54.02:554][ 61]LogSlate: Only BGRA pngs, bmps or icos are supported in by External Image Picker
[2018.10.31-16.54.02:689][ 64]LogTemp: Executing iPhonePackager certificates Engine -bundlename com.YourCompany.BPCplusplus
[2018.10.31-16.54.02:689][ 64]LogTemp: CWD: C:\Program Files\Epic Games\UE_4.20\Engine\Binaries\DotNET\IOS
[2018.10.31-16.54.02:689][ 64]LogTemp: Initial Dir: C:\Program Files\Epic Games\UE_4.20
[2018.10.31-16.54.02:689][ 64]LogTemp: Env CWD: C:\Program Files\Epic Games\UE_4.20\Engine\Binaries\DotNET\IOS
[2018.10.31-16.54.02:689][ 64]LogTemp: BranchPath = MSI/C/Program Files/Epic Games/UE_4.20/Engine/Binaries --- GameBranchPath = MSI/C/Program Files/Epic Games/UE_4.20/Engine/Binaries
[2018.10.31-16.54.02:701][ 65]LogTemp: IPP ERROR: Could not find provision directory 'C:\Users\Luis\AppData\Local/Apple Computer/MobileDevice/Provisioning Profiles/'.
[2018.10.31-17.01.58:870][328]LogSlate: Window 'Project Settings' being destroyed
[2018.10.31-17.01.58:875][328]LogSlate: Window 'Project Settings' being destroyed
[2018.10.31-17.02.00:582][430]LogTemp: Repeating last play command: New Editor Window (PIE)
[2018.10.31-17.02.00:594][430]LogPlayLevel: PlayLevel: No blueprints needed recompiling
[2018.10.31-17.02.00:611][430]PIE: New page: PIE session: Untitled_0 (Oct 31, 2018, 7:02:00 AM)
[2018.10.31-17.02.00:611][430]LogPlayLevel: Creating play world package: /Temp/UEDPIE_0_Untitled_0
[2018.10.31-17.02.00:611][430]LogPlayLevel: PIE: StaticDuplicateObject took: (0.000601s)
[2018.10.31-17.02.00:612][430]LogAIModule: Creating AISystem for world Untitled
[2018.10.31-17.02.00:612][430]LogPlayLevel: PIE: World Init took: (0.000630s)
[2018.10.31-17.02.00:612][430]LogPlayLevel: PIE: Created PIE world by copying editor world from /Temp/Untitled_0.Untitled to /Temp/UEDPIE_0_Untitled_0.Untitled (0.001360s)
[2018.10.31-17.02.00:641][430]LogInit: XAudio2 using 'Speakers (Realtek(R) Audio)' : 6 channels at 48 kHz using 32 bits per sample (channel mask 0x3f)
[2018.10.31-17.02.00:709][430]LogInit: FAudioDevice initialized.
[2018.10.31-17.02.00:727][430]LogSlate: Updating window title bar state: overlay mode, drag disabled, window buttons hidden, title bar hidden
[2018.10.31-17.02.00:936][430]LogLoad: Game class is '2DSideScrollerGameMode_C'
[2018.10.31-17.02.00:938][430]LogWorld: Bringing World /Temp/UEDPIE_0_Untitled_0.Untitled up for play (max tick rate 0) at 2018.10.31-12.02.00
[2018.10.31-17.02.00:938][430]LogWorld: Bringing up level for play took: 0.000334
[2018.10.31-17.02.00:958][430]LogContentBrowser: Native class hierarchy updated for 'MovieSceneCapture' in 0.0004 seconds. Added 10 classes and 0 folders.
[2018.10.31-17.02.00:962][430]PIE: Play in editor start time for /Temp/UEDPIE_0_Untitled_0 0.354
[2018.10.31-17.02.00:983][430]LogRenderer: Reallocating scene render targets to support 1024x576 Format 10 NumSamples 1 (Frame:1).
[2018.10.31-17.02.02:705][531]LogSlate: Window 'BP_Cplusplus Game Preview Standalone (64-bit/PCD3D_SM5)' being destroyed
[2018.10.31-17.02.02:738][531]LogPlayLevel: Display: Shutting down PIE online subsystems
[2018.10.31-17.02.02:873][538]LogPlayLevel: Display: Destroying online subsystem :Context_2
[2018.10.31-17.02.04:868][655]LogAIModule: Creating AISystem for world current_game_map
[2018.10.31-17.02.04:875][655]LogAssetEditorManager: Opening Asset editor for World /Game/Maps/current_game_map.current_game_map
[2018.10.31-17.02.04:898][655]Cmd: MAP LOAD FILE="../../../../../../Users/Luis/Documents/GitHub/Final_Prototype/BP_Cplusplus/Content/Maps/current_game_map.umap" TEMPLATE=0 SHOWPROGRESS=1 FEATURELEVEL=3
[2018.10.31-17.02.04:899][655]LightingResults: New page: Lighting Build
[2018.10.31-17.02.04:900][655]LogContentBrowser: Native class hierarchy updated for 'StatsViewer' in 0.0002 seconds. Added 5 classes and 0 folders.
[2018.10.31-17.02.04:901][655]LoadErrors: New page: Loading map: current_game_map.umap
[2018.10.31-17.02.04:901][655]MapCheck: New page: Map Check
[2018.10.31-17.02.04:901][655]LightingResults: New page: Lighting Build
[2018.10.31-17.02.04:969][655]LogEditorServer: Finished looking for orphan Actors (0.000 secs)
[2018.10.31-17.02.05:008][655]Cmd: MAP CHECKDEP NOCLEARLOG
[2018.10.31-17.02.05:062][655]MapCheck: Map check complete: 0 Error(s), 0 Warning(s), took 55.225ms to complete.
[2018.10.31-17.02.05:062][655]LogFileHelpers: Loading map 'current_game_map' took 0.165
[2018.10.31-17.02.06:858][761]LogTemp: Repeating last play command: New Editor Window (PIE)
[2018.10.31-17.02.06:868][761]LogBlueprintUserMessages: Early PlayInEditor Detection: Level '/Game/Maps/current_game_map.current_game_map:PersistentLevel' has LevelScriptBlueprint '/Game/Maps/current_game_map.current_game_map:PersistentLevel.current_game_map' with GeneratedClass '/Game/Maps/current_game_map.current_game_map_C' with ClassGeneratedBy '/Game/Maps/current_game_map.current_game_map:PersistentLevel.current_game_map'
[2018.10.31-17.02.06:868][761]LogPlayLevel: PlayLevel: No blueprints needed recompiling
[2018.10.31-17.02.06:868][761]PIE: New page: PIE session: current_game_map (Oct 31, 2018, 7:02:06 AM)
[2018.10.31-17.02.06:868][761]LogPlayLevel: Creating play world package: /Game/Maps/UEDPIE_0_current_game_map
[2018.10.31-17.02.06:870][761]LogPlayLevel: PIE: StaticDuplicateObject took: (0.001685s)
[2018.10.31-17.02.06:870][761]LogAIModule: Creating AISystem for world current_game_map
[2018.10.31-17.02.06:870][761]LogPlayLevel: PIE: World Init took: (0.000515s)
[2018.10.31-17.02.06:871][761]LogPlayLevel: PIE: Created PIE world by copying editor world from /Game/Maps/current_game_map.current_game_map to /Game/Maps/UEDPIE_0_current_game_map.current_game_map (0.002315s)
[2018.10.31-17.02.06:895][761]LogInit: XAudio2 using 'Speakers (Realtek(R) Audio)' : 6 channels at 48 kHz using 32 bits per sample (channel mask 0x3f)
[2018.10.31-17.02.06:965][761]LogInit: FAudioDevice initialized.
[2018.10.31-17.02.06:978][761]LogSlate: Updating window title bar state: overlay mode, drag disabled, window buttons hidden, title bar hidden
[2018.10.31-17.02.07:047][761]LogLoad: Game class is '2DSideScrollerGameMode_C'
[2018.10.31-17.02.07:049][761]LogWorld: Bringing World /Game/Maps/UEDPIE_0_current_game_map.current_game_map up for play (max tick rate 0) at 2018.10.31-12.02.07
[2018.10.31-17.02.07:049][761]LogWorld: Bringing up level for play took: 0.000609
[2018.10.31-17.02.07:066][761]PIE: Play in editor start time for /Game/Maps/UEDPIE_0_current_game_map 0.458
[2018.10.31-17.02.07:066][761]LogBlueprintUserMessages: Late PlayInEditor Detection: Level '/Game/Maps/current_game_map.current_game_map:PersistentLevel' has LevelScriptBlueprint '/Game/Maps/current_game_map.current_game_map:PersistentLevel.current_game_map' with GeneratedClass '/Game/Maps/current_game_map.current_game_map_C' with ClassGeneratedBy '/Game/Maps/current_game_map.current_game_map:PersistentLevel.current_game_map'
[2018.10.31-17.02.12:602][ 91]LogBlueprintUserMessages: Early EndPlayMap Detection: Level '/Game/Maps/current_game_map.current_game_map:PersistentLevel' has LevelScriptBlueprint '/Game/Maps/current_game_map.current_game_map:PersistentLevel.current_game_map' with GeneratedClass '/Game/Maps/current_game_map.current_game_map_C' with ClassGeneratedBy '/Game/Maps/current_game_map.current_game_map:PersistentLevel.current_game_map'
[2018.10.31-17.02.12:603][ 91]LogSlate: Updating window title bar state: overlay mode, drag disabled, window buttons hidden, title bar hidden
[2018.10.31-17.02.12:613][ 91]LogSlate: Window 'BP_Cplusplus Game Preview Standalone (64-bit/PCD3D_SM5)' being destroyed
[2018.10.31-17.02.12:647][ 91]LogPlayLevel: Display: Shutting down PIE online subsystems
[2018.10.31-17.02.12:647][ 91]LogBlueprintUserMessages: Late EndPlayMap Detection: Level '/Game/Maps/current_game_map.current_game_map:PersistentLevel' has LevelScriptBlueprint '/Game/Maps/current_game_map.current_game_map:PersistentLevel.current_game_map' with GeneratedClass '/Game/Maps/current_game_map.current_game_map_C' with ClassGeneratedBy '/Game/Maps/current_game_map.current_game_map:PersistentLevel.current_game_map'
[2018.10.31-17.02.12:788][ 98]LogPlayLevel: Display: Destroying online subsystem :Context_3
[2018.10.31-17.02.13:737][155]LogTemp: Repeating last play command: New Editor Window (PIE)
[2018.10.31-17.02.13:747][155]LogBlueprintUserMessages: Early PlayInEditor Detection: Level '/Game/Maps/current_game_map.current_game_map:PersistentLevel' has LevelScriptBlueprint '/Game/Maps/current_game_map.current_game_map:PersistentLevel.current_game_map' with GeneratedClass '/Game/Maps/current_game_map.current_game_map_C' with ClassGeneratedBy '/Game/Maps/current_game_map.current_game_map:PersistentLevel.current_game_map'
[2018.10.31-17.02.13:747][155]LogPlayLevel: PlayLevel: No blueprints needed recompiling
[2018.10.31-17.02.13:747][155]PIE: New page: PIE session: current_game_map (Oct 31, 2018, 7:02:13 AM)
[2018.10.31-17.02.13:747][155]LogPlayLevel: Creating play world package: /Game/Maps/UEDPIE_0_current_game_map
[2018.10.31-17.02.13:749][155]LogPlayLevel: PIE: StaticDuplicateObject took: (0.001216s)
[2018.10.31-17.02.13:749][155]LogAIModule: Creating AISystem for world current_game_map
[2018.10.31-17.02.13:749][155]LogPlayLevel: PIE: World Init took: (0.000563s)
[2018.10.31-17.02.13:749][155]LogPlayLevel: PIE: Created PIE world by copying editor world from /Game/Maps/current_game_map.current_game_map to /Game/Maps/UEDPIE_0_current_game_map.current_game_map (0.001885s)
[2018.10.31-17.02.13:775][155]LogInit: XAudio2 using 'Speakers (Realtek(R) Audio)' : 6 channels at 48 kHz using 32 bits per sample (channel mask 0x3f)
[2018.10.31-17.02.13:849][155]LogInit: FAudioDevice initialized.
[2018.10.31-17.02.13:863][155]LogSlate: Updating window title bar state: overlay mode, drag disabled, window buttons hidden, title bar hidden
[2018.10.31-17.02.13:936][155]LogLoad: Game class is '2DSideScrollerGameMode_C'
[2018.10.31-17.02.13:938][155]LogWorld: Bringing World /Game/Maps/UEDPIE_0_current_game_map.current_game_map up for play (max tick rate 0) at 2018.10.31-12.02.13
[2018.10.31-17.02.13:938][155]LogWorld: Bringing up level for play took: 0.000588
[2018.10.31-17.02.13:954][155]PIE: Play in editor start time for /Game/Maps/UEDPIE_0_current_game_map -0.655
[2018.10.31-17.02.13:954][155]LogBlueprintUserMessages: Late PlayInEditor Detection: Level '/Game/Maps/current_game_map.current_game_map:PersistentLevel' has LevelScriptBlueprint '/Game/Maps/current_game_map.current_game_map:PersistentLevel.current_game_map' with GeneratedClass '/Game/Maps/current_game_map.current_game_map_C' with ClassGeneratedBy '/Game/Maps/current_game_map.current_game_map:PersistentLevel.current_game_map'
[2018.10.31-17.02.21:459][603]LogBlueprintUserMessages: Early EndPlayMap Detection: Level '/Game/Maps/current_game_map.current_game_map:PersistentLevel' has LevelScriptBlueprint '/Game/Maps/current_game_map.current_game_map:PersistentLevel.current_game_map' with GeneratedClass '/Game/Maps/current_game_map.current_game_map_C' with ClassGeneratedBy '/Game/Maps/current_game_map.current_game_map:PersistentLevel.current_game_map'
[2018.10.31-17.02.21:460][603]LogSlate: Updating window title bar state: overlay mode, drag disabled, window buttons hidden, title bar hidden
[2018.10.31-17.02.21:471][603]LogSlate: Window 'BP_Cplusplus Game Preview Standalone (64-bit/PCD3D_SM5)' being destroyed
[2018.10.31-17.02.21:504][603]LogPlayLevel: Display: Shutting down PIE online subsystems
[2018.10.31-17.02.21:505][603]LogBlueprintUserMessages: Late EndPlayMap Detection: Level '/Game/Maps/current_game_map.current_game_map:PersistentLevel' has LevelScriptBlueprint '/Game/Maps/current_game_map.current_game_map:PersistentLevel.current_game_map' with GeneratedClass '/Game/Maps/current_game_map.current_game_map_C' with ClassGeneratedBy '/Game/Maps/current_game_map.current_game_map:PersistentLevel.current_game_map'
[2018.10.31-17.02.21:644][610]LogPlayLevel: Display: Destroying online subsystem :Context_4
[2018.10.31-18.14.25:519][338]LogTemp: Repeating last play command: New Editor Window (PIE)
[2018.10.31-18.14.25:533][338]LogBlueprintUserMessages: Early PlayInEditor Detection: Level '/Game/Maps/current_game_map.current_game_map:PersistentLevel' has LevelScriptBlueprint '/Game/Maps/current_game_map.current_game_map:PersistentLevel.current_game_map' with GeneratedClass '/Game/Maps/current_game_map.current_game_map_C' with ClassGeneratedBy '/Game/Maps/current_game_map.current_game_map:PersistentLevel.current_game_map'
[2018.10.31-18.14.25:533][338]LogPlayLevel: PlayLevel: No blueprints needed recompiling
[2018.10.31-18.14.25:534][338]PIE: New page: PIE session: current_game_map (Oct 31, 2018, 8:14:25 AM)
[2018.10.31-18.14.25:534][338]LogPlayLevel: Creating play world package: /Game/Maps/UEDPIE_0_current_game_map
[2018.10.31-18.14.25:536][338]LogPlayLevel: PIE: StaticDuplicateObject took: (0.002344s)
[2018.10.31-18.14.25:537][338]LogAIModule: Creating AISystem for world current_game_map
[2018.10.31-18.14.25:537][338]LogPlayLevel: PIE: World Init took: (0.001038s)
[2018.10.31-18.14.25:537][338]LogPlayLevel: PIE: Created PIE world by copying editor world from /Game/Maps/current_game_map.current_game_map to /Game/Maps/UEDPIE_0_current_game_map.current_game_map (0.003545s)
[2018.10.31-18.14.25:567][338]LogInit: XAudio2 using 'Speakers (Realtek(R) Audio)' : 6 channels at 48 kHz using 32 bits per sample (channel mask 0x3f)
[2018.10.31-18.14.25:638][338]LogInit: FAudioDevice initialized.
[2018.10.31-18.14.25:648][338]LogSlate: Updating window title bar state: overlay mode, drag disabled, window buttons hidden, title bar hidden
[2018.10.31-18.14.25:720][338]LogLoad: Game class is '2DSideScrollerGameMode_C'
[2018.10.31-18.14.25:722][338]LogWorld: Bringing World /Game/Maps/UEDPIE_0_current_game_map.current_game_map up for play (max tick rate 60) at 2018.10.31-13.14.25
[2018.10.31-18.14.25:722][338]LogWorld: Bringing up level for play took: 0.000785
[2018.10.31-18.14.25:738][338]PIE: Play in editor start time for /Game/Maps/UEDPIE_0_current_game_map 1.13
[2018.10.31-18.14.25:738][338]LogBlueprintUserMessages: Late PlayInEditor Detection: Level '/Game/Maps/current_game_map.current_game_map:PersistentLevel' has LevelScriptBlueprint '/Game/Maps/current_game_map.current_game_map:PersistentLevel.current_game_map' with GeneratedClass '/Game/Maps/current_game_map.current_game_map_C' with ClassGeneratedBy '/Game/Maps/current_game_map.current_game_map:PersistentLevel.current_game_map'
[2018.10.31-18.15.11:581][ 86]LogBlueprintUserMessages: Early EndPlayMap Detection: Level '/Game/Maps/current_game_map.current_game_map:PersistentLevel' has LevelScriptBlueprint '/Game/Maps/current_game_map.current_game_map:PersistentLevel.current_game_map' with GeneratedClass '/Game/Maps/current_game_map.current_game_map_C' with ClassGeneratedBy '/Game/Maps/current_game_map.current_game_map:PersistentLevel.current_game_map'
[2018.10.31-18.15.11:581][ 86]LogSlate: Updating window title bar state: overlay mode, drag disabled, window buttons hidden, title bar hidden
[2018.10.31-18.15.11:592][ 86]LogSlate: Window 'BP_Cplusplus Game Preview Standalone (64-bit/PCD3D_SM5)' being destroyed
[2018.10.31-18.15.11:628][ 86]LogPlayLevel: Display: Shutting down PIE online subsystems
[2018.10.31-18.15.11:628][ 86]LogBlueprintUserMessages: Late EndPlayMap Detection: Level '/Game/Maps/current_game_map.current_game_map:PersistentLevel' has LevelScriptBlueprint '/Game/Maps/current_game_map.current_game_map:PersistentLevel.current_game_map' with GeneratedClass '/Game/Maps/current_game_map.current_game_map_C' with ClassGeneratedBy '/Game/Maps/current_game_map.current_game_map:PersistentLevel.current_game_map'
[2018.10.31-18.15.11:783][ 93]LogPlayLevel: Display: Destroying online subsystem :Context_5
[2018.10.31-18.40.14:848][269]LogAssetEditorManager: Opening Asset editor for Blueprint /Game/Final_Project_Content/Blueprints/2DSideScrollerCharacter.2DSideScrollerCharacter
[2018.10.31-18.40.15:264][269]LogContentBrowser: Native class hierarchy updated for 'BlueprintGraph' in 0.0007 seconds. Added 116 classes and 0 folders.
[2018.10.31-18.40.15:905][269]LogLinker: Warning: Can't resolve asset name
[2018.10.31-18.40.15:915][269]LogAssetEditorManager: Opening Asset editor for Blueprint /Game/Final_Project_Content/Blueprints/BP_Ammo.BP_Ammo
[2018.10.31-18.40.16:182][269]LogSlate: Took 0.002782 seconds to synchronously load lazily loaded font '../../../Engine/Content/Slate/Fonts/Roboto-BoldCondensed.ttf' (158K)
[2018.10.31-18.40.16:414][270]LogSlate: Took 0.002704 seconds to synchronously load lazily loaded font '../../../Engine/Content/Slate/Fonts/Roboto-Italic.ttf' (157K)
[2018.10.31-18.40.19:639][461]LogSlate: Window 'BP_Ammo' being destroyed
[2018.10.31-18.40.29:673][ 61]LogTemp: Repeating last play command: New Editor Window (PIE)
[2018.10.31-18.40.29:689][ 61]LogBlueprintUserMessages: Early PlayInEditor Detection: Level '/Game/Maps/current_game_map.current_game_map:PersistentLevel' has LevelScriptBlueprint '/Game/Maps/current_game_map.current_game_map:PersistentLevel.current_game_map' with GeneratedClass '/Game/Maps/current_game_map.current_game_map_C' with ClassGeneratedBy '/Game/Maps/current_game_map.current_game_map:PersistentLevel.current_game_map'
[2018.10.31-18.40.29:689][ 61]LogPlayLevel: PlayLevel: No blueprints needed recompiling
[2018.10.31-18.40.29:689][ 61]PIE: New page: PIE session: current_game_map (Oct 31, 2018, 8:40:29 AM)
[2018.10.31-18.40.29:690][ 61]LogPlayLevel: Creating play world package: /Game/Maps/UEDPIE_0_current_game_map
[2018.10.31-18.40.29:691][ 61]LogPlayLevel: PIE: StaticDuplicateObject took: (0.001246s)
[2018.10.31-18.40.29:691][ 61]LogAIModule: Creating AISystem for world current_game_map
[2018.10.31-18.40.29:692][ 61]LogPlayLevel: PIE: World Init took: (0.000607s)
[2018.10.31-18.40.29:692][ 61]LogPlayLevel: PIE: Created PIE world by copying editor world from /Game/Maps/current_game_map.current_game_map to /Game/Maps/UEDPIE_0_current_game_map.current_game_map (0.001965s)
[2018.10.31-18.40.29:724][ 61]LogInit: XAudio2 using 'Speakers (Realtek(R) Audio)' : 6 channels at 48 kHz using 32 bits per sample (channel mask 0x3f)
[2018.10.31-18.40.29:793][ 61]LogInit: FAudioDevice initialized.
[2018.10.31-18.40.29:807][ 61]LogSlate: Updating window title bar state: overlay mode, drag disabled, window buttons hidden, title bar hidden
[2018.10.31-18.40.29:880][ 61]LogLoad: Game class is '2DSideScrollerGameMode_C'
[2018.10.31-18.40.29:881][ 61]LogWorld: Bringing World /Game/Maps/UEDPIE_0_current_game_map.current_game_map up for play (max tick rate 60) at 2018.10.31-13.40.29
[2018.10.31-18.40.29:882][ 61]LogWorld: Bringing up level for play took: 0.000715
[2018.10.31-18.40.29:897][ 61]PIE: Play in editor start time for /Game/Maps/UEDPIE_0_current_game_map -0.712
[2018.10.31-18.40.29:897][ 61]LogBlueprintUserMessages: Late PlayInEditor Detection: Level '/Game/Maps/current_game_map.current_game_map:PersistentLevel' has LevelScriptBlueprint '/Game/Maps/current_game_map.current_game_map:PersistentLevel.current_game_map' with GeneratedClass '/Game/Maps/current_game_map.current_game_map_C' with ClassGeneratedBy '/Game/Maps/current_game_map.current_game_map:PersistentLevel.current_game_map'
[2018.10.31-18.40.46:931][ 80]LogBlueprintUserMessages: Early EndPlayMap Detection: Level '/Game/Maps/current_game_map.current_game_map:PersistentLevel' has LevelScriptBlueprint '/Game/Maps/current_game_map.current_game_map:PersistentLevel.current_game_map' with GeneratedClass '/Game/Maps/current_game_map.current_game_map_C' with ClassGeneratedBy '/Game/Maps/current_game_map.current_game_map:PersistentLevel.current_game_map'
[2018.10.31-18.40.46:931][ 80]LogSlate: Updating window title bar state: overlay mode, drag disabled, window buttons hidden, title bar hidden
[2018.10.31-18.40.46:944][ 80]LogSlate: Window 'BP_Cplusplus Game Preview Standalone (64-bit/PCD3D_SM5)' being destroyed
[2018.10.31-18.40.46:974][ 80]LogPlayLevel: Display: Shutting down PIE online subsystems
[2018.10.31-18.40.46:975][ 80]LogBlueprintUserMessages: Late EndPlayMap Detection: Level '/Game/Maps/current_game_map.current_game_map:PersistentLevel' has LevelScriptBlueprint '/Game/Maps/current_game_map.current_game_map:PersistentLevel.current_game_map' with GeneratedClass '/Game/Maps/current_game_map.current_game_map_C' with ClassGeneratedBy '/Game/Maps/current_game_map.current_game_map:PersistentLevel.current_game_map'
[2018.10.31-18.40.47:132][ 87]LogPlayLevel: Display: Destroying online subsystem :Context_8
[2018.10.31-18.41.00:243][873]BlueprintLog: New page: Compile 2DSideScrollerCharacter
[2018.10.31-18.41.01:031][891]LogSavePackage: Moving '../../../../../../Users/Luis/Documents/GitHub/Final_Prototype/BP_Cplusplus/Saved/2DSideScrollerCharacterEF0FB4FB49C8578EEF552F932497D528.tmp' to '../../../../../../Users/Luis/Documents/GitHub/Final_Prototype/BP_Cplusplus/Content/Final_Project_Content/Blueprints/2DSideScrollerCharacter.uasset'
[2018.10.31-18.41.02:402][973]LogTemp: Repeating last play command: New Editor Window (PIE)
[2018.10.31-18.41.02:417][973]LogBlueprintUserMessages: Early PlayInEditor Detection: Level '/Game/Maps/current_game_map.current_game_map:PersistentLevel' has LevelScriptBlueprint '/Game/Maps/current_game_map.current_game_map:PersistentLevel.current_game_map' with GeneratedClass '/Game/Maps/current_game_map.current_game_map_C' with ClassGeneratedBy '/Game/Maps/current_game_map.current_game_map:PersistentLevel.current_game_map'
[2018.10.31-18.41.02:417][973]LogPlayLevel: PlayLevel: No blueprints needed recompiling
[2018.10.31-18.41.02:417][973]PIE: New page: PIE session: current_game_map (Oct 31, 2018, 8:41:02 AM)
[2018.10.31-18.41.02:417][973]LogPlayLevel: Creating play world package: /Game/Maps/UEDPIE_0_current_game_map
[2018.10.31-18.41.02:418][973]LogPlayLevel: PIE: StaticDuplicateObject took: (0.001185s)
[2018.10.31-18.41.02:419][973]LogAIModule: Creating AISystem for world current_game_map
[2018.10.31-18.41.02:419][973]LogPlayLevel: PIE: World Init took: (0.000515s)
[2018.10.31-18.41.02:419][973]LogPlayLevel: PIE: Created PIE world by copying editor world from /Game/Maps/current_game_map.current_game_map to /Game/Maps/UEDPIE_0_current_game_map.current_game_map (0.001805s)
[2018.10.31-18.41.02:449][973]LogInit: XAudio2 using 'Speakers (Realtek(R) Audio)' : 6 channels at 48 kHz using 32 bits per sample (channel mask 0x3f)
[2018.10.31-18.41.02:520][973]LogInit: FAudioDevice initialized.
[2018.10.31-18.41.02:533][973]LogSlate: Updating window title bar state: overlay mode, drag disabled, window buttons hidden, title bar hidden
[2018.10.31-18.41.02:607][973]LogLoad: Game class is '2DSideScrollerGameMode_C'
[2018.10.31-18.41.02:608][973]LogWorld: Bringing World /Game/Maps/UEDPIE_0_current_game_map.current_game_map up for play (max tick rate 60) at 2018.10.31-13.41.02
[2018.10.31-18.41.02:609][973]LogWorld: Bringing up level for play took: 0.000717
[2018.10.31-18.41.02:625][973]PIE: Play in editor start time for /Game/Maps/UEDPIE_0_current_game_map 0.016
[2018.10.31-18.41.02:625][973]LogBlueprintUserMessages: Late PlayInEditor Detection: Level '/Game/Maps/current_game_map.current_game_map:PersistentLevel' has LevelScriptBlueprint '/Game/Maps/current_game_map.current_game_map:PersistentLevel.current_game_map' with GeneratedClass '/Game/Maps/current_game_map.current_game_map_C' with ClassGeneratedBy '/Game/Maps/current_game_map.current_game_map:PersistentLevel.current_game_map'
[2018.10.31-18.41.17:177][844]LogBlueprintUserMessages: Early EndPlayMap Detection: Level '/Game/Maps/current_game_map.current_game_map:PersistentLevel' has LevelScriptBlueprint '/Game/Maps/current_game_map.current_game_map:PersistentLevel.current_game_map' with GeneratedClass '/Game/Maps/current_game_map.current_game_map_C' with ClassGeneratedBy '/Game/Maps/current_game_map.current_game_map:PersistentLevel.current_game_map'
[2018.10.31-18.41.17:177][844]LogSlate: Updating window title bar state: overlay mode, drag disabled, window buttons hidden, title bar hidden
[2018.10.31-18.41.17:189][844]LogSlate: Window 'BP_Cplusplus Game Preview Standalone (64-bit/PCD3D_SM5)' being destroyed
[2018.10.31-18.41.17:225][844]LogPlayLevel: Display: Shutting down PIE online subsystems
[2018.10.31-18.41.17:225][844]LogBlueprintUserMessages: Late EndPlayMap Detection: Level '/Game/Maps/current_game_map.current_game_map:PersistentLevel' has LevelScriptBlueprint '/Game/Maps/current_game_map.current_game_map:PersistentLevel.current_game_map' with GeneratedClass '/Game/Maps/current_game_map.current_game_map_C' with ClassGeneratedBy '/Game/Maps/current_game_map.current_game_map:PersistentLevel.current_game_map'
[2018.10.31-18.41.17:404][851]LogPlayLevel: Display: Destroying online subsystem :Context_9
[2018.10.31-18.41.42:007][325]BlueprintLog: New page: Compile 2DSideScrollerCharacter
[2018.10.31-18.41.42:741][344]LogSavePackage: Moving '../../../../../../Users/Luis/Documents/GitHub/Final_Prototype/BP_Cplusplus/Saved/2DSideScrollerCharacterA0349FD343EB1481659782965938F036.tmp' to '../../../../../../Users/Luis/Documents/GitHub/Final_Prototype/BP_Cplusplus/Content/Final_Project_Content/Blueprints/2DSideScrollerCharacter.uasset'
[2018.10.31-18.41.44:843][470]LogTemp: Repeating last play command: New Editor Window (PIE)
[2018.10.31-18.41.44:857][470]LogBlueprintUserMessages: Early PlayInEditor Detection: Level '/Game/Maps/current_game_map.current_game_map:PersistentLevel' has LevelScriptBlueprint '/Game/Maps/current_game_map.current_game_map:PersistentLevel.current_game_map' with GeneratedClass '/Game/Maps/current_game_map.current_game_map_C' with ClassGeneratedBy '/Game/Maps/current_game_map.current_game_map:PersistentLevel.current_game_map'
[2018.10.31-18.41.44:857][470]LogPlayLevel: PlayLevel: No blueprints needed recompiling
[2018.10.31-18.41.44:857][470]PIE: New page: PIE session: current_game_map (Oct 31, 2018, 8:41:44 AM)
[2018.10.31-18.41.44:857][470]LogPlayLevel: Creating play world package: /Game/Maps/UEDPIE_0_current_game_map
[2018.10.31-18.41.44:858][470]LogPlayLevel: PIE: StaticDuplicateObject took: (0.001183s)
[2018.10.31-18.41.44:859][470]LogAIModule: Creating AISystem for world current_game_map
[2018.10.31-18.41.44:859][470]LogPlayLevel: PIE: World Init took: (0.000510s)
[2018.10.31-18.41.44:859][470]LogPlayLevel: PIE: Created PIE world by copying editor world from /Game/Maps/current_game_map.current_game_map to /Game/Maps/UEDPIE_0_current_game_map.current_game_map (0.001799s)
[2018.10.31-18.41.44:891][470]LogInit: XAudio2 using 'Speakers (Realtek(R) Audio)' : 6 channels at 48 kHz using 32 bits per sample (channel mask 0x3f)
[2018.10.31-18.41.44:967][470]LogInit: FAudioDevice initialized.
[2018.10.31-18.41.44:981][470]LogSlate: Updating window title bar state: overlay mode, drag disabled, window buttons hidden, title bar hidden
[2018.10.31-18.41.45:060][470]LogLoad: Game class is '2DSideScrollerGameMode_C'
[2018.10.31-18.41.45:061][470]LogWorld: Bringing World /Game/Maps/UEDPIE_0_current_game_map.current_game_map up for play (max tick rate 60) at 2018.10.31-13.41.45
[2018.10.31-18.41.45:061][470]LogWorld: Bringing up level for play took: 0.000594
[2018.10.31-18.41.45:078][470]PIE: Play in editor start time for /Game/Maps/UEDPIE_0_current_game_map 0.469
[2018.10.31-18.41.45:078][470]LogBlueprintUserMessages: Late PlayInEditor Detection: Level '/Game/Maps/current_game_map.current_game_map:PersistentLevel' has LevelScriptBlueprint '/Game/Maps/current_game_map.current_game_map:PersistentLevel.current_game_map' with GeneratedClass '/Game/Maps/current_game_map.current_game_map_C' with ClassGeneratedBy '/Game/Maps/current_game_map.current_game_map:PersistentLevel.current_game_map'
[2018.10.31-18.42.03:012][544]LogBlueprintUserMessages: Early EndPlayMap Detection: Level '/Game/Maps/current_game_map.current_game_map:PersistentLevel' has LevelScriptBlueprint '/Game/Maps/current_game_map.current_game_map:PersistentLevel.current_game_map' with GeneratedClass '/Game/Maps/current_game_map.current_game_map_C' with ClassGeneratedBy '/Game/Maps/current_game_map.current_game_map:PersistentLevel.current_game_map'
[2018.10.31-18.42.03:012][544]LogSlate: Updating window title bar state: overlay mode, drag disabled, window buttons hidden, title bar hidden
[2018.10.31-18.42.03:024][544]LogSlate: Window 'BP_Cplusplus Game Preview Standalone (64-bit/PCD3D_SM5)' being destroyed
[2018.10.31-18.42.03:055][544]LogPlayLevel: Display: Shutting down PIE online subsystems
[2018.10.31-18.42.03:055][544]LogBlueprintUserMessages: Late EndPlayMap Detection: Level '/Game/Maps/current_game_map.current_game_map:PersistentLevel' has LevelScriptBlueprint '/Game/Maps/current_game_map.current_game_map:PersistentLevel.current_game_map' with GeneratedClass '/Game/Maps/current_game_map.current_game_map_C' with ClassGeneratedBy '/Game/Maps/current_game_map.current_game_map:PersistentLevel.current_game_map'
[2018.10.31-18.42.03:207][551]LogPlayLevel: Display: Destroying online subsystem :Context_10
[2018.10.31-18.42.06:374][741]LogEditorViewport: Clicking on Actor (LMB): CameraActor (CameraActor)
[2018.10.31-18.42.17:673][414]LogSlate: FSceneViewport::OnFocusLost() reason 0
[2018.10.31-18.42.17:756][419]LogTemp: Repeating last play command: New Editor Window (PIE)
[2018.10.31-18.42.17:771][419]LogBlueprintUserMessages: Early PlayInEditor Detection: Level '/Game/Maps/current_game_map.current_game_map:PersistentLevel' has LevelScriptBlueprint '/Game/Maps/current_game_map.current_game_map:PersistentLevel.current_game_map' with GeneratedClass '/Game/Maps/current_game_map.current_game_map_C' with ClassGeneratedBy '/Game/Maps/current_game_map.current_game_map:PersistentLevel.current_game_map'
[2018.10.31-18.42.17:772][419]LogPlayLevel: PlayLevel: No blueprints needed recompiling
[2018.10.31-18.42.17:772][419]PIE: New page: PIE session: current_game_map (Oct 31, 2018, 8:42:17 AM)
[2018.10.31-18.42.17:772][419]LogPlayLevel: Creating play world package: /Game/Maps/UEDPIE_0_current_game_map
[2018.10.31-18.42.17:773][419]LogPlayLevel: PIE: StaticDuplicateObject took: (0.001187s)
[2018.10.31-18.42.17:773][419]LogAIModule: Creating AISystem for world current_game_map
[2018.10.31-18.42.17:774][419]LogPlayLevel: PIE: World Init took: (0.000698s)
[2018.10.31-18.42.17:774][419]LogPlayLevel: PIE: Created PIE world by copying editor world from /Game/Maps/current_game_map.current_game_map to /Game/Maps/UEDPIE_0_current_game_map.current_game_map (0.001993s)
[2018.10.31-18.42.17:828][419]LogInit: XAudio2 using 'Speakers (Realtek(R) Audio)' : 6 channels at 48 kHz using 32 bits per sample (channel mask 0x3f)
[2018.10.31-18.42.17:898][419]LogInit: FAudioDevice initialized.
[2018.10.31-18.42.17:911][419]LogSlate: Updating window title bar state: overlay mode, drag disabled, window buttons hidden, title bar hidden
[2018.10.31-18.42.17:987][419]LogLoad: Game class is '2DSideScrollerGameMode_C'
[2018.10.31-18.42.17:988][419]LogWorld: Bringing World /Game/Maps/UEDPIE_0_current_game_map.current_game_map up for play (max tick rate 60) at 2018.10.31-13.42.17
[2018.10.31-18.42.17:989][419]LogWorld: Bringing up level for play took: 0.000590
[2018.10.31-18.42.18:003][419]PIE: Play in editor start time for /Game/Maps/UEDPIE_0_current_game_map -0.605
[2018.10.31-18.42.18:003][419]LogBlueprintUserMessages: Late PlayInEditor Detection: Level '/Game/Maps/current_game_map.current_game_map:PersistentLevel' has LevelScriptBlueprint '/Game/Maps/current_game_map.current_game_map:PersistentLevel.current_game_map' with GeneratedClass '/Game/Maps/current_game_map.current_game_map_C' with ClassGeneratedBy '/Game/Maps/current_game_map.current_game_map:PersistentLevel.current_game_map'
[2018.10.31-18.42.22:375][679]LogBlueprintUserMessages: Early EndPlayMap Detection: Level '/Game/Maps/current_game_map.current_game_map:PersistentLevel' has LevelScriptBlueprint '/Game/Maps/current_game_map.current_game_map:PersistentLevel.current_game_map' with GeneratedClass '/Game/Maps/current_game_map.current_game_map_C' with ClassGeneratedBy '/Game/Maps/current_game_map.current_game_map:PersistentLevel.current_game_map'
[2018.10.31-18.42.22:375][679]LogSlate: Updating window title bar state: overlay mode, drag disabled, window buttons hidden, title bar hidden
[2018.10.31-18.42.22:387][679]LogSlate: Window 'BP_Cplusplus Game Preview Standalone (64-bit/PCD3D_SM5)' being destroyed
[2018.10.31-18.42.22:423][679]LogPlayLevel: Display: Shutting down PIE online subsystems
[2018.10.31-18.42.22:424][679]LogBlueprintUserMessages: Late EndPlayMap Detection: Level '/Game/Maps/current_game_map.current_game_map:PersistentLevel' has LevelScriptBlueprint '/Game/Maps/current_game_map.current_game_map:PersistentLevel.current_game_map' with GeneratedClass '/Game/Maps/current_game_map.current_game_map_C' with ClassGeneratedBy '/Game/Maps/current_game_map.current_game_map:PersistentLevel.current_game_map'
[2018.10.31-18.42.22:571][686]LogPlayLevel: Display: Destroying online subsystem :Context_11
[2018.10.31-18.42.29:905][125]LogAssetEditorManager: Opening Asset editor for Texture2D /Game/Final_Project_Content/Sprites/Character.Character
[2018.10.31-18.42.29:914][125]LogContentBrowser: Native class hierarchy updated for 'TextureEditor' in 0.0003 seconds. Added 1 classes and 2 folders.
[2018.10.31-18.42.38:756][647]LogAssetEditorManager: Opening Asset editor for Texture2D /Game/Final_Project_Content/Sprites/Character.Character
[2018.10.31-18.42.53:056][498]LogAssetEditorManager: Opening Asset editor for PaperFlipbook /Game/Final_Project_Content/Sprites/Character1.Character1
[2018.10.31-18.42.53:161][499]LogRenderer: Reallocating scene render targets to support 1412x720 Format 10 NumSamples 1 (Frame:1).
